{"/Users/wadedesir/Github/notes-app/frontend/src/App.jsx": {"path":"/Users/wadedesir/Github/notes-app/frontend/src/App.jsx","statementMap":{"0":{"start":{"line":8,"column":2},"end":{"line":17,"column":3}}},"fnMap":{"0":{"name":"App","decl":{"start":{"line":7,"column":9},"end":{"line":7,"column":12}},"loc":{"start":{"line":7,"column":15},"end":{"line":18,"column":1}},"line":7}},"branchMap":{},"s":{"0":0},"f":{"0":0},"b":{}}
,"/Users/wadedesir/Github/notes-app/frontend/src/main.jsx": {"path":"/Users/wadedesir/Github/notes-app/frontend/src/main.jsx","statementMap":{"0":{"start":{"line":6,"column":0},"end":{"line":10,"column":1}}},"fnMap":{},"branchMap":{},"s":{"0":0},"f":{},"b":{}}
,"/Users/wadedesir/Github/notes-app/frontend/src/components/AddNote.jsx": {"path":"/Users/wadedesir/Github/notes-app/frontend/src/components/AddNote.jsx","statementMap":{"0":{"start":{"line":3,"column":2},"end":{"line":18,"column":3}},"1":{"start":{"line":11,"column":25},"end":{"line":11,"column":48}},"2":{"start":{"line":14,"column":46},"end":{"line":14,"column":58}}},"fnMap":{"0":{"name":"AddNote","decl":{"start":{"line":2,"column":9},"end":{"line":2,"column":16}},"loc":{"start":{"line":2,"column":46},"end":{"line":19,"column":1}},"line":2},"1":{"name":"(anonymous_1)","decl":{"start":{"line":11,"column":18},"end":{"line":11,"column":19}},"loc":{"start":{"line":11,"column":25},"end":{"line":11,"column":48}},"line":11},"2":{"name":"(anonymous_2)","decl":{"start":{"line":14,"column":40},"end":{"line":14,"column":41}},"loc":{"start":{"line":14,"column":46},"end":{"line":14,"column":58}},"line":14}},"branchMap":{},"s":{"0":2,"1":17,"2":1},"f":{"0":2,"1":17,"2":1},"b":{},"_coverageSchema":"1a1c01bbd47fc00a2c39e90264f33305004495a9","hash":"9485e6c89d0f48f4425a7909de4a58ad29c41b57"}
,"/Users/wadedesir/Github/notes-app/frontend/src/components/LoginForm.jsx": {"path":"/Users/wadedesir/Github/notes-app/frontend/src/components/LoginForm.jsx","statementMap":{"0":{"start":{"line":2,"column":2},"end":{"line":23,"column":3}},"1":{"start":{"line":8,"column":25},"end":{"line":8,"column":52}},"2":{"start":{"line":15,"column":25},"end":{"line":15,"column":52}},"3":{"start":{"line":20,"column":23},"end":{"line":20,"column":37}}},"fnMap":{"0":{"name":"LoginForm","decl":{"start":{"line":1,"column":9},"end":{"line":1,"column":18}},"loc":{"start":{"line":1,"column":89},"end":{"line":24,"column":1}},"line":1},"1":{"name":"(anonymous_1)","decl":{"start":{"line":8,"column":18},"end":{"line":8,"column":19}},"loc":{"start":{"line":8,"column":25},"end":{"line":8,"column":52}},"line":8},"2":{"name":"(anonymous_2)","decl":{"start":{"line":15,"column":18},"end":{"line":15,"column":19}},"loc":{"start":{"line":15,"column":25},"end":{"line":15,"column":52}},"line":15},"3":{"name":"(anonymous_3)","decl":{"start":{"line":20,"column":17},"end":{"line":20,"column":18}},"loc":{"start":{"line":20,"column":23},"end":{"line":20,"column":37}},"line":20}},"branchMap":{},"s":{"0":1,"1":0,"2":0,"3":0},"f":{"0":1,"1":0,"2":0,"3":0},"b":{},"_coverageSchema":"1a1c01bbd47fc00a2c39e90264f33305004495a9","hash":"f44ec5308173f62a15a09abe6d024d122ea4615e"}
,"/Users/wadedesir/Github/notes-app/frontend/src/components/Note.jsx": {"path":"/Users/wadedesir/Github/notes-app/frontend/src/components/Note.jsx","statementMap":{"0":{"start":{"line":4,"column":26},"end":{"line":4,"column":43}},"1":{"start":{"line":5,"column":32},"end":{"line":5,"column":47}},"2":{"start":{"line":6,"column":32},"end":{"line":6,"column":47}},"3":{"start":{"line":7,"column":40},"end":{"line":7,"column":59}},"4":{"start":{"line":9,"column":21},"end":{"line":12,"column":3}},"5":{"start":{"line":10,"column":4},"end":{"line":10,"column":33}},"6":{"start":{"line":11,"column":4},"end":{"line":11,"column":21}},"7":{"start":{"line":13,"column":26},"end":{"line":17,"column":3}},"8":{"start":{"line":14,"column":26},"end":{"line":14,"column":38}},"9":{"start":{"line":15,"column":4},"end":{"line":15,"column":37}},"10":{"start":{"line":16,"column":4},"end":{"line":16,"column":33}},"11":{"start":{"line":19,"column":2},"end":{"line":41,"column":3}},"12":{"start":{"line":20,"column":50},"end":{"line":20,"column":66}},"13":{"start":{"line":20,"column":88},"end":{"line":20,"column":105}},"14":{"start":{"line":22,"column":251},"end":{"line":22,"column":265}},"15":{"start":{"line":26,"column":252},"end":{"line":26,"column":272}},"16":{"start":{"line":35,"column":112},"end":{"line":35,"column":135}},"17":{"start":{"line":36,"column":88},"end":{"line":36,"column":105}},"18":{"start":{"line":36,"column":138},"end":{"line":36,"column":150}}},"fnMap":{"0":{"name":"Note","decl":{"start":{"line":3,"column":9},"end":{"line":3,"column":13}},"loc":{"start":{"line":3,"column":70},"end":{"line":42,"column":1}},"line":3},"1":{"name":"(anonymous_1)","decl":{"start":{"line":9,"column":21},"end":{"line":9,"column":22}},"loc":{"start":{"line":9,"column":27},"end":{"line":12,"column":3}},"line":9},"2":{"name":"(anonymous_2)","decl":{"start":{"line":13,"column":26},"end":{"line":13,"column":27}},"loc":{"start":{"line":13,"column":32},"end":{"line":17,"column":3}},"line":13},"3":{"name":"(anonymous_3)","decl":{"start":{"line":20,"column":44},"end":{"line":20,"column":45}},"loc":{"start":{"line":20,"column":50},"end":{"line":20,"column":66}},"line":20},"4":{"name":"(anonymous_4)","decl":{"start":{"line":20,"column":82},"end":{"line":20,"column":83}},"loc":{"start":{"line":20,"column":88},"end":{"line":20,"column":105}},"line":20},"5":{"name":"(anonymous_5)","decl":{"start":{"line":22,"column":245},"end":{"line":22,"column":246}},"loc":{"start":{"line":22,"column":251},"end":{"line":22,"column":265}},"line":22},"6":{"name":"(anonymous_6)","decl":{"start":{"line":26,"column":246},"end":{"line":26,"column":247}},"loc":{"start":{"line":26,"column":252},"end":{"line":26,"column":272}},"line":26},"7":{"name":"(anonymous_7)","decl":{"start":{"line":35,"column":105},"end":{"line":35,"column":106}},"loc":{"start":{"line":35,"column":112},"end":{"line":35,"column":135}},"line":35},"8":{"name":"(anonymous_8)","decl":{"start":{"line":36,"column":82},"end":{"line":36,"column":83}},"loc":{"start":{"line":36,"column":88},"end":{"line":36,"column":105}},"line":36},"9":{"name":"(anonymous_9)","decl":{"start":{"line":36,"column":132},"end":{"line":36,"column":133}},"loc":{"start":{"line":36,"column":138},"end":{"line":36,"column":150}},"line":36}},"branchMap":{"0":{"loc":{"start":{"line":22,"column":8},"end":{"line":22,"column":276}},"type":"binary-expr","locations":[{"start":{"line":22,"column":8},"end":{"line":22,"column":15}},{"start":{"line":22,"column":19},"end":{"line":22,"column":276}}],"line":22},"1":{"loc":{"start":{"line":26,"column":8},"end":{"line":26,"column":283}},"type":"binary-expr","locations":[{"start":{"line":26,"column":8},"end":{"line":26,"column":15}},{"start":{"line":26,"column":19},"end":{"line":26,"column":283}}],"line":26},"2":{"loc":{"start":{"line":29,"column":8},"end":{"line":29,"column":309}},"type":"binary-expr","locations":[{"start":{"line":29,"column":8},"end":{"line":29,"column":15}},{"start":{"line":29,"column":19},"end":{"line":29,"column":309}}],"line":29},"3":{"loc":{"start":{"line":29,"column":245},"end":{"line":29,"column":271}},"type":"cond-expr","locations":[{"start":{"line":29,"column":259},"end":{"line":29,"column":262}},{"start":{"line":29,"column":265},"end":{"line":29,"column":271}}],"line":29},"4":{"loc":{"start":{"line":32,"column":25},"end":{"line":32,"column":69}},"type":"cond-expr","locations":[{"start":{"line":32,"column":39},"end":{"line":32,"column":52}},{"start":{"line":32,"column":55},"end":{"line":32,"column":69}}],"line":32},"5":{"loc":{"start":{"line":35,"column":10},"end":{"line":35,"column":167}},"type":"cond-expr","locations":[{"start":{"line":35,"column":20},"end":{"line":35,"column":138}},{"start":{"line":35,"column":141},"end":{"line":35,"column":167}}],"line":35},"6":{"loc":{"start":{"line":36,"column":10},"end":{"line":36,"column":167}},"type":"binary-expr","locations":[{"start":{"line":36,"column":10},"end":{"line":36,"column":17}},{"start":{"line":36,"column":21},"end":{"line":36,"column":167}}],"line":36}},"s":{"0":0,"1":0,"2":0,"3":0,"4":0,"5":0,"6":0,"7":0,"8":0,"9":0,"10":0,"11":0,"12":0,"13":0,"14":0,"15":0,"16":0,"17":0,"18":0},"f":{"0":0,"1":0,"2":0,"3":0,"4":0,"5":0,"6":0,"7":0,"8":0,"9":0},"b":{"0":[0,0],"1":[0,0],"2":[0,0],"3":[0,0],"4":[0,0],"5":[0,0],"6":[0,0]}}
,"/Users/wadedesir/Github/notes-app/frontend/src/components/SignUpForm.jsx": {"path":"/Users/wadedesir/Github/notes-app/frontend/src/components/SignUpForm.jsx","statementMap":{"0":{"start":{"line":4,"column":54},"end":{"line":4,"column":66}},"1":{"start":{"line":6,"column":2},"end":{"line":8,"column":33}},"2":{"start":{"line":7,"column":4},"end":{"line":7,"column":24}},"3":{"start":{"line":10,"column":29},"end":{"line":16,"column":3}},"4":{"start":{"line":11,"column":4},"end":{"line":15,"column":5}},"5":{"start":{"line":12,"column":6},"end":{"line":12,"column":53}},"6":{"start":{"line":14,"column":6},"end":{"line":14,"column":31}},"7":{"start":{"line":18,"column":2},"end":{"line":61,"column":3}},"8":{"start":{"line":24,"column":25},"end":{"line":24,"column":52}},"9":{"start":{"line":33,"column":10},"end":{"line":33,"column":37}},"10":{"start":{"line":34,"column":10},"end":{"line":34,"column":30}},"11":{"start":{"line":44,"column":10},"end":{"line":44,"column":44}},"12":{"start":{"line":45,"column":10},"end":{"line":45,"column":30}},"13":{"start":{"line":54,"column":10},"end":{"line":56,"column":11}},"14":{"start":{"line":55,"column":12},"end":{"line":55,"column":26}}},"fnMap":{"0":{"name":"SignUpForm","decl":{"start":{"line":3,"column":9},"end":{"line":3,"column":19}},"loc":{"start":{"line":3,"column":127},"end":{"line":62,"column":1}},"line":3},"1":{"name":"(anonymous_1)","decl":{"start":{"line":6,"column":12},"end":{"line":6,"column":13}},"loc":{"start":{"line":6,"column":18},"end":{"line":8,"column":3}},"line":6},"2":{"name":"(anonymous_2)","decl":{"start":{"line":10,"column":29},"end":{"line":10,"column":30}},"loc":{"start":{"line":10,"column":35},"end":{"line":16,"column":3}},"line":10},"3":{"name":"(anonymous_3)","decl":{"start":{"line":24,"column":18},"end":{"line":24,"column":19}},"loc":{"start":{"line":24,"column":25},"end":{"line":24,"column":52}},"line":24},"4":{"name":"(anonymous_4)","decl":{"start":{"line":32,"column":18},"end":{"line":32,"column":19}},"loc":{"start":{"line":32,"column":25},"end":{"line":35,"column":9}},"line":32},"5":{"name":"(anonymous_5)","decl":{"start":{"line":43,"column":18},"end":{"line":43,"column":19}},"loc":{"start":{"line":43,"column":25},"end":{"line":46,"column":9}},"line":43},"6":{"name":"(anonymous_6)","decl":{"start":{"line":53,"column":17},"end":{"line":53,"column":18}},"loc":{"start":{"line":53,"column":23},"end":{"line":57,"column":9}},"line":53}},"branchMap":{"0":{"loc":{"start":{"line":11,"column":4},"end":{"line":15,"column":5}},"type":"if","locations":[{"start":{"line":11,"column":4},"end":{"line":15,"column":5}},{"start":{"line":13,"column":11},"end":{"line":15,"column":5}}],"line":11},"1":{"loc":{"start":{"line":49,"column":7},"end":{"line":49,"column":86}},"type":"binary-expr","locations":[{"start":{"line":49,"column":7},"end":{"line":49,"column":25}},{"start":{"line":49,"column":29},"end":{"line":49,"column":86}}],"line":49},"2":{"loc":{"start":{"line":54,"column":10},"end":{"line":56,"column":11}},"type":"if","locations":[{"start":{"line":54,"column":10},"end":{"line":56,"column":11}},{"start":{},"end":{}}],"line":54}},"s":{"0":0,"1":0,"2":0,"3":0,"4":0,"5":0,"6":0,"7":0,"8":0,"9":0,"10":0,"11":0,"12":0,"13":0,"14":0},"f":{"0":0,"1":0,"2":0,"3":0,"4":0,"5":0,"6":0},"b":{"0":[0,0],"1":[0,0],"2":[0,0]}}
,"/Users/wadedesir/Github/notes-app/frontend/src/pages/Home.jsx": {"path":"/Users/wadedesir/Github/notes-app/frontend/src/pages/Home.jsx","statementMap":{"0":{"start":{"line":8,"column":26},"end":{"line":8,"column":38}},"1":{"start":{"line":9,"column":28},"end":{"line":9,"column":40}},"2":{"start":{"line":11,"column":2},"end":{"line":13,"column":8}},"3":{"start":{"line":12,"column":4},"end":{"line":12,"column":14}},"4":{"start":{"line":15,"column":19},"end":{"line":22,"column":3}},"5":{"start":{"line":16,"column":4},"end":{"line":21,"column":6}},"6":{"start":{"line":19,"column":6},"end":{"line":19,"column":25}},"7":{"start":{"line":20,"column":6},"end":{"line":20,"column":28}},"8":{"start":{"line":24,"column":21},"end":{"line":44,"column":3}},"9":{"start":{"line":25,"column":4},"end":{"line":27,"column":5}},"10":{"start":{"line":26,"column":6},"end":{"line":26,"column":12}},"11":{"start":{"line":29,"column":20},"end":{"line":32,"column":5}},"12":{"start":{"line":34,"column":20},"end":{"line":34,"column":69}},"13":{"start":{"line":36,"column":4},"end":{"line":41,"column":8}},"14":{"start":{"line":39,"column":8},"end":{"line":39,"column":25}},"15":{"start":{"line":40,"column":8},"end":{"line":40,"column":18}},"16":{"start":{"line":43,"column":4},"end":{"line":43,"column":15}},"17":{"start":{"line":46,"column":21},"end":{"line":54,"column":3}},"18":{"start":{"line":47,"column":4},"end":{"line":47,"column":25}},"19":{"start":{"line":48,"column":4},"end":{"line":53,"column":8}},"20":{"start":{"line":51,"column":8},"end":{"line":51,"column":25}},"21":{"start":{"line":52,"column":8},"end":{"line":52,"column":18}},"22":{"start":{"line":56,"column":19},"end":{"line":70,"column":3}},"23":{"start":{"line":57,"column":4},"end":{"line":57,"column":23}},"24":{"start":{"line":59,"column":20},"end":{"line":62,"column":5}},"25":{"start":{"line":64,"column":4},"end":{"line":69,"column":8}},"26":{"start":{"line":67,"column":8},"end":{"line":67,"column":25}},"27":{"start":{"line":68,"column":8},"end":{"line":68,"column":18}},"28":{"start":{"line":72,"column":2},"end":{"line":84,"column":3}},"29":{"start":{"line":80,"column":10},"end":{"line":80,"column":173}}},"fnMap":{"0":{"name":"Home","decl":{"start":{"line":7,"column":9},"end":{"line":7,"column":13}},"loc":{"start":{"line":7,"column":16},"end":{"line":85,"column":1}},"line":7},"1":{"name":"(anonymous_1)","decl":{"start":{"line":11,"column":12},"end":{"line":11,"column":13}},"loc":{"start":{"line":11,"column":18},"end":{"line":13,"column":3}},"line":11},"2":{"name":"(anonymous_2)","decl":{"start":{"line":15,"column":19},"end":{"line":15,"column":20}},"loc":{"start":{"line":15,"column":25},"end":{"line":22,"column":3}},"line":15},"3":{"name":"(anonymous_3)","decl":{"start":{"line":18,"column":10},"end":{"line":18,"column":11}},"loc":{"start":{"line":18,"column":18},"end":{"line":21,"column":5}},"line":18},"4":{"name":"(anonymous_4)","decl":{"start":{"line":24,"column":21},"end":{"line":24,"column":22}},"loc":{"start":{"line":24,"column":27},"end":{"line":44,"column":3}},"line":24},"5":{"name":"(anonymous_5)","decl":{"start":{"line":38,"column":12},"end":{"line":38,"column":13}},"loc":{"start":{"line":38,"column":20},"end":{"line":41,"column":7}},"line":38},"6":{"name":"(anonymous_6)","decl":{"start":{"line":46,"column":21},"end":{"line":46,"column":22}},"loc":{"start":{"line":46,"column":29},"end":{"line":54,"column":3}},"line":46},"7":{"name":"(anonymous_7)","decl":{"start":{"line":50,"column":12},"end":{"line":50,"column":13}},"loc":{"start":{"line":50,"column":20},"end":{"line":53,"column":7}},"line":50},"8":{"name":"(anonymous_8)","decl":{"start":{"line":56,"column":19},"end":{"line":56,"column":20}},"loc":{"start":{"line":56,"column":47},"end":{"line":70,"column":3}},"line":56},"9":{"name":"(anonymous_9)","decl":{"start":{"line":66,"column":12},"end":{"line":66,"column":13}},"loc":{"start":{"line":66,"column":20},"end":{"line":69,"column":7}},"line":66},"10":{"name":"(anonymous_10)","decl":{"start":{"line":79,"column":19},"end":{"line":79,"column":20}},"loc":{"start":{"line":80,"column":10},"end":{"line":80,"column":173}},"line":80}},"branchMap":{"0":{"loc":{"start":{"line":25,"column":4},"end":{"line":27,"column":5}},"type":"if","locations":[{"start":{"line":25,"column":4},"end":{"line":27,"column":5}},{"start":{},"end":{}}],"line":25}},"s":{"0":0,"1":0,"2":0,"3":0,"4":0,"5":0,"6":0,"7":0,"8":0,"9":0,"10":0,"11":0,"12":0,"13":0,"14":0,"15":0,"16":0,"17":0,"18":0,"19":0,"20":0,"21":0,"22":0,"23":0,"24":0,"25":0,"26":0,"27":0,"28":0,"29":0},"f":{"0":0,"1":0,"2":0,"3":0,"4":0,"5":0,"6":0,"7":0,"8":0,"9":0,"10":0},"b":{"0":[0,0]}}
,"/Users/wadedesir/Github/notes-app/frontend/src/pages/Login.jsx": {"path":"/Users/wadedesir/Github/notes-app/frontend/src/pages/Login.jsx","statementMap":{"0":{"start":{"line":9,"column":34},"end":{"line":9,"column":46}},"1":{"start":{"line":10,"column":34},"end":{"line":10,"column":46}},"2":{"start":{"line":11,"column":19},"end":{"line":11,"column":32}},"3":{"start":{"line":13,"column":23},"end":{"line":28,"column":3}},"4":{"start":{"line":14,"column":24},"end":{"line":17,"column":5}},"5":{"start":{"line":19,"column":4},"end":{"line":27,"column":8}},"6":{"start":{"line":22,"column":8},"end":{"line":22,"column":25}},"7":{"start":{"line":23,"column":8},"end":{"line":26,"column":9}},"8":{"start":{"line":24,"column":10},"end":{"line":24,"column":56}},"9":{"start":{"line":25,"column":10},"end":{"line":25,"column":27}},"10":{"start":{"line":30,"column":2},"end":{"line":47,"column":3}}},"fnMap":{"0":{"name":"Login","decl":{"start":{"line":8,"column":9},"end":{"line":8,"column":14}},"loc":{"start":{"line":8,"column":17},"end":{"line":48,"column":1}},"line":8},"1":{"name":"(anonymous_1)","decl":{"start":{"line":13,"column":23},"end":{"line":13,"column":24}},"loc":{"start":{"line":13,"column":29},"end":{"line":28,"column":3}},"line":13},"2":{"name":"(anonymous_2)","decl":{"start":{"line":21,"column":12},"end":{"line":21,"column":13}},"loc":{"start":{"line":21,"column":20},"end":{"line":27,"column":7}},"line":21}},"branchMap":{"0":{"loc":{"start":{"line":23,"column":8},"end":{"line":26,"column":9}},"type":"if","locations":[{"start":{"line":23,"column":8},"end":{"line":26,"column":9}},{"start":{},"end":{}}],"line":23}},"s":{"0":0,"1":0,"2":0,"3":0,"4":0,"5":0,"6":0,"7":0,"8":0,"9":0,"10":0},"f":{"0":0,"1":0,"2":0},"b":{"0":[0,0]}}
,"/Users/wadedesir/Github/notes-app/frontend/src/pages/SignUp.jsx": {"path":"/Users/wadedesir/Github/notes-app/frontend/src/pages/SignUp.jsx","statementMap":{"0":{"start":{"line":9,"column":34},"end":{"line":9,"column":46}},"1":{"start":{"line":10,"column":34},"end":{"line":10,"column":46}},"2":{"start":{"line":11,"column":48},"end":{"line":11,"column":60}},"3":{"start":{"line":12,"column":19},"end":{"line":12,"column":32}},"4":{"start":{"line":14,"column":23},"end":{"line":28,"column":3}},"5":{"start":{"line":15,"column":24},"end":{"line":18,"column":5}},"6":{"start":{"line":20,"column":4},"end":{"line":27,"column":8}},"7":{"start":{"line":23,"column":8},"end":{"line":23,"column":25}},"8":{"start":{"line":24,"column":8},"end":{"line":26,"column":9}},"9":{"start":{"line":25,"column":10},"end":{"line":25,"column":28}},"10":{"start":{"line":30,"column":2},"end":{"line":49,"column":3}}},"fnMap":{"0":{"name":"SignUp","decl":{"start":{"line":8,"column":9},"end":{"line":8,"column":15}},"loc":{"start":{"line":8,"column":18},"end":{"line":50,"column":1}},"line":8},"1":{"name":"(anonymous_1)","decl":{"start":{"line":14,"column":23},"end":{"line":14,"column":24}},"loc":{"start":{"line":14,"column":29},"end":{"line":28,"column":3}},"line":14},"2":{"name":"(anonymous_2)","decl":{"start":{"line":22,"column":12},"end":{"line":22,"column":13}},"loc":{"start":{"line":22,"column":20},"end":{"line":27,"column":7}},"line":22}},"branchMap":{"0":{"loc":{"start":{"line":24,"column":8},"end":{"line":26,"column":9}},"type":"if","locations":[{"start":{"line":24,"column":8},"end":{"line":26,"column":9}},{"start":{},"end":{}}],"line":24}},"s":{"0":0,"1":0,"2":0,"3":0,"4":0,"5":0,"6":0,"7":0,"8":0,"9":0,"10":0},"f":{"0":0,"1":0,"2":0},"b":{"0":[0,0]}}
}
