{"/Users/wadedesir/Github/notes-app/frontend/src/components/AddNote.jsx": {"path":"/Users/wadedesir/Github/notes-app/frontend/src/components/AddNote.jsx","statementMap":{"0":{"start":{"line":3,"column":2},"end":{"line":18,"column":3}},"1":{"start":{"line":11,"column":25},"end":{"line":11,"column":48}},"2":{"start":{"line":14,"column":46},"end":{"line":14,"column":58}}},"fnMap":{"0":{"name":"AddNote","decl":{"start":{"line":2,"column":9},"end":{"line":2,"column":16}},"loc":{"start":{"line":2,"column":46},"end":{"line":19,"column":1}},"line":2},"1":{"name":"(anonymous_1)","decl":{"start":{"line":11,"column":18},"end":{"line":11,"column":19}},"loc":{"start":{"line":11,"column":25},"end":{"line":11,"column":48}},"line":11},"2":{"name":"(anonymous_2)","decl":{"start":{"line":14,"column":40},"end":{"line":14,"column":41}},"loc":{"start":{"line":14,"column":46},"end":{"line":14,"column":58}},"line":14}},"branchMap":{},"s":{"0":2,"1":17,"2":1},"f":{"0":2,"1":17,"2":1},"b":{},"_coverageSchema":"1a1c01bbd47fc00a2c39e90264f33305004495a9","hash":"9485e6c89d0f48f4425a7909de4a58ad29c41b57"}
,"/Users/wadedesir/Github/notes-app/frontend/src/components/LoginForm.jsx": {"path":"/Users/wadedesir/Github/notes-app/frontend/src/components/LoginForm.jsx","statementMap":{"0":{"start":{"line":2,"column":2},"end":{"line":23,"column":3}},"1":{"start":{"line":8,"column":25},"end":{"line":8,"column":52}},"2":{"start":{"line":15,"column":25},"end":{"line":15,"column":52}},"3":{"start":{"line":20,"column":23},"end":{"line":20,"column":37}}},"fnMap":{"0":{"name":"LoginForm","decl":{"start":{"line":1,"column":9},"end":{"line":1,"column":18}},"loc":{"start":{"line":1,"column":89},"end":{"line":24,"column":1}},"line":1},"1":{"name":"(anonymous_1)","decl":{"start":{"line":8,"column":18},"end":{"line":8,"column":19}},"loc":{"start":{"line":8,"column":25},"end":{"line":8,"column":52}},"line":8},"2":{"name":"(anonymous_2)","decl":{"start":{"line":15,"column":18},"end":{"line":15,"column":19}},"loc":{"start":{"line":15,"column":25},"end":{"line":15,"column":52}},"line":15},"3":{"name":"(anonymous_3)","decl":{"start":{"line":20,"column":17},"end":{"line":20,"column":18}},"loc":{"start":{"line":20,"column":23},"end":{"line":20,"column":37}},"line":20}},"branchMap":{},"s":{"0":1,"1":0,"2":0,"3":0},"f":{"0":1,"1":0,"2":0,"3":0},"b":{},"_coverageSchema":"1a1c01bbd47fc00a2c39e90264f33305004495a9","hash":"f44ec5308173f62a15a09abe6d024d122ea4615e"}
}
