{"/usr/src/app/index.js": {"path":"/usr/src/app/index.js","statementMap":{"0":{"start":{"line":17,"column":0},"end":{"line":17,"column":26}},"1":{"start":{"line":18,"column":0},"end":{"line":18,"column":8}},"2":{"start":{"line":20,"column":15},"end":{"line":20,"column":24}},"3":{"start":{"line":21,"column":0},"end":{"line":21,"column":18}},"4":{"start":{"line":22,"column":0},"end":{"line":22,"column":26}},"5":{"start":{"line":24,"column":0},"end":{"line":24,"column":25}},"6":{"start":{"line":26,"column":0},"end":{"line":26,"column":35}},"7":{"start":{"line":27,"column":0},"end":{"line":27,"column":35}},"8":{"start":{"line":28,"column":0},"end":{"line":28,"column":36}},"9":{"start":{"line":31,"column":0},"end":{"line":31,"column":34}},"10":{"start":{"line":33,"column":0},"end":{"line":33,"column":24}},"11":{"start":{"line":35,"column":0},"end":{"line":35,"column":23}},"12":{"start":{"line":36,"column":0},"end":{"line":36,"column":47}}},"fnMap":{},"branchMap":{},"s":{"0":1,"1":1,"2":1,"3":1,"4":1,"5":1,"6":1,"7":1,"8":1,"9":1,"10":1,"11":1,"12":1},"f":{},"b":{},"_coverageSchema":"1a1c01bbd47fc00a2c39e90264f33305004495a9","hash":"8d42bc9390a2170dcefb7d643ce26209909ae4cc"}
,"/usr/src/app/controllers/LoginController.js": {"path":"/usr/src/app/controllers/LoginController.js","statementMap":{"0":{"start":{"line":8,"column":30},"end":{"line":39,"column":1}},"1":{"start":{"line":9,"column":33},"end":{"line":9,"column":41}},"2":{"start":{"line":11,"column":15},"end":{"line":11,"column":47}},"3":{"start":{"line":13,"column":26},"end":{"line":15,"column":57}},"4":{"start":{"line":17,"column":2},"end":{"line":21,"column":3}},"5":{"start":{"line":18,"column":4},"end":{"line":20,"column":6}},"6":{"start":{"line":23,"column":23},"end":{"line":26,"column":3}},"7":{"start":{"line":28,"column":16},"end":{"line":32,"column":3}},"8":{"start":{"line":34,"column":2},"end":{"line":38,"column":4}}},"fnMap":{"0":{"name":"(anonymous_0)","decl":{"start":{"line":8,"column":30},"end":{"line":8,"column":31}},"loc":{"start":{"line":8,"column":50},"end":{"line":39,"column":1}},"line":8}},"branchMap":{"0":{"loc":{"start":{"line":13,"column":26},"end":{"line":15,"column":57}},"type":"cond-expr","locations":[{"start":{"line":14,"column":6},"end":{"line":14,"column":11}},{"start":{"line":15,"column":6},"end":{"line":15,"column":57}}],"line":13},"1":{"loc":{"start":{"line":17,"column":2},"end":{"line":21,"column":3}},"type":"if","locations":[{"start":{"line":17,"column":2},"end":{"line":21,"column":3}},{"start":{},"end":{}}],"line":17},"2":{"loc":{"start":{"line":17,"column":8},"end":{"line":17,"column":31}},"type":"binary-expr","locations":[{"start":{"line":17,"column":8},"end":{"line":17,"column":12}},{"start":{"line":17,"column":16},"end":{"line":17,"column":31}}],"line":17}},"s":{"0":1,"1":2,"2":2,"3":2,"4":2,"5":1,"6":1,"7":1,"8":1},"f":{"0":2},"b":{"0":[0,2],"1":[1,1],"2":[2,2]},"_coverageSchema":"1a1c01bbd47fc00a2c39e90264f33305004495a9","hash":"e71ceb8107bfebac27313fc562bcc9e7b1f56490"}
,"/usr/src/app/controllers/NoteController.js": {"path":"/usr/src/app/controllers/NoteController.js","statementMap":{"0":{"start":{"line":11,"column":21},"end":{"line":18,"column":1}},"1":{"start":{"line":12,"column":2},"end":{"line":12,"column":44}},"2":{"start":{"line":14,"column":2},"end":{"line":16,"column":3}},"3":{"start":{"line":15,"column":4},"end":{"line":15,"column":47}},"4":{"start":{"line":17,"column":2},"end":{"line":17,"column":13}},"5":{"start":{"line":21,"column":27},"end":{"line":27,"column":1}},"6":{"start":{"line":22,"column":16},"end":{"line":24,"column":4}},"7":{"start":{"line":26,"column":2},"end":{"line":26,"column":17}},"8":{"start":{"line":30,"column":29},"end":{"line":58,"column":1}},"9":{"start":{"line":31,"column":33},"end":{"line":31,"column":41}},"10":{"start":{"line":33,"column":24},"end":{"line":33,"column":48}},"11":{"start":{"line":34,"column":2},"end":{"line":36,"column":3}},"12":{"start":{"line":35,"column":4},"end":{"line":35,"column":69}},"13":{"start":{"line":38,"column":23},"end":{"line":38,"column":70}},"14":{"start":{"line":39,"column":2},"end":{"line":41,"column":3}},"15":{"start":{"line":40,"column":4},"end":{"line":40,"column":59}},"16":{"start":{"line":43,"column":15},"end":{"line":43,"column":51}},"17":{"start":{"line":45,"column":15},"end":{"line":49,"column":4}},"18":{"start":{"line":51,"column":20},"end":{"line":51,"column":37}},"19":{"start":{"line":53,"column":2},"end":{"line":53,"column":47}},"20":{"start":{"line":55,"column":2},"end":{"line":55,"column":19}},"21":{"start":{"line":57,"column":2},"end":{"line":57,"column":33}},"22":{"start":{"line":61,"column":28},"end":{"line":70,"column":1}},"23":{"start":{"line":62,"column":17},"end":{"line":62,"column":27}},"24":{"start":{"line":64,"column":15},"end":{"line":64,"column":81}},"25":{"start":{"line":65,"column":2},"end":{"line":69,"column":3}},"26":{"start":{"line":66,"column":4},"end":{"line":66,"column":18}},"27":{"start":{"line":68,"column":4},"end":{"line":68,"column":67}},"28":{"start":{"line":73,"column":26},"end":{"line":88,"column":1}},"29":{"start":{"line":74,"column":33},"end":{"line":74,"column":41}},"30":{"start":{"line":75,"column":17},"end":{"line":75,"column":27}},"31":{"start":{"line":77,"column":25},"end":{"line":80,"column":3}},"32":{"start":{"line":82,"column":22},"end":{"line":86,"column":46}},"33":{"start":{"line":87,"column":2},"end":{"line":87,"column":23}},"34":{"start":{"line":91,"column":26},"end":{"line":96,"column":1}},"35":{"start":{"line":92,"column":17},"end":{"line":92,"column":27}},"36":{"start":{"line":94,"column":22},"end":{"line":94,"column":97}},"37":{"start":{"line":95,"column":2},"end":{"line":95,"column":35}}},"fnMap":{"0":{"name":"(anonymous_0)","decl":{"start":{"line":11,"column":21},"end":{"line":11,"column":22}},"loc":{"start":{"line":11,"column":38},"end":{"line":18,"column":1}},"line":11},"1":{"name":"(anonymous_1)","decl":{"start":{"line":21,"column":27},"end":{"line":21,"column":28}},"loc":{"start":{"line":21,"column":47},"end":{"line":27,"column":1}},"line":21},"2":{"name":"(anonymous_2)","decl":{"start":{"line":30,"column":29},"end":{"line":30,"column":30}},"loc":{"start":{"line":30,"column":49},"end":{"line":58,"column":1}},"line":30},"3":{"name":"(anonymous_3)","decl":{"start":{"line":61,"column":28},"end":{"line":61,"column":29}},"loc":{"start":{"line":61,"column":48},"end":{"line":70,"column":1}},"line":61},"4":{"name":"(anonymous_4)","decl":{"start":{"line":73,"column":26},"end":{"line":73,"column":27}},"loc":{"start":{"line":73,"column":46},"end":{"line":88,"column":1}},"line":73},"5":{"name":"(anonymous_5)","decl":{"start":{"line":91,"column":26},"end":{"line":91,"column":27}},"loc":{"start":{"line":91,"column":46},"end":{"line":96,"column":1}},"line":91}},"branchMap":{"0":{"loc":{"start":{"line":14,"column":2},"end":{"line":16,"column":3}},"type":"if","locations":[{"start":{"line":14,"column":2},"end":{"line":16,"column":3}},{"start":{},"end":{}}],"line":14},"1":{"loc":{"start":{"line":34,"column":2},"end":{"line":36,"column":3}},"type":"if","locations":[{"start":{"line":34,"column":2},"end":{"line":36,"column":3}},{"start":{},"end":{}}],"line":34},"2":{"loc":{"start":{"line":39,"column":2},"end":{"line":41,"column":3}},"type":"if","locations":[{"start":{"line":39,"column":2},"end":{"line":41,"column":3}},{"start":{},"end":{}}],"line":39},"3":{"loc":{"start":{"line":47,"column":15},"end":{"line":47,"column":33}},"type":"binary-expr","locations":[{"start":{"line":47,"column":15},"end":{"line":47,"column":24}},{"start":{"line":47,"column":28},"end":{"line":47,"column":33}}],"line":47},"4":{"loc":{"start":{"line":65,"column":2},"end":{"line":69,"column":3}},"type":"if","locations":[{"start":{"line":65,"column":2},"end":{"line":69,"column":3}},{"start":{"line":67,"column":9},"end":{"line":69,"column":3}}],"line":65}},"s":{"0":1,"1":4,"2":4,"3":4,"4":0,"5":1,"6":4,"7":4,"8":1,"9":4,"10":4,"11":4,"12":0,"13":4,"14":4,"15":0,"16":4,"17":4,"18":4,"19":3,"20":3,"21":3,"22":1,"23":3,"24":3,"25":2,"26":1,"27":1,"28":1,"29":0,"30":0,"31":0,"32":0,"33":0,"34":1,"35":1,"36":1,"37":1},"f":{"0":4,"1":4,"2":4,"3":3,"4":0,"5":1},"b":{"0":[4,0],"1":[0,4],"2":[0,4],"3":[4,1],"4":[1,1]},"_coverageSchema":"1a1c01bbd47fc00a2c39e90264f33305004495a9","hash":"fa58d69c61c26e6171980238cb19cf666f6c2b61"}
,"/usr/src/app/controllers/UserController.js": {"path":"/usr/src/app/controllers/UserController.js","statementMap":{"0":{"start":{"line":7,"column":27},"end":{"line":10,"column":1}},"1":{"start":{"line":8,"column":16},"end":{"line":8,"column":53}},"2":{"start":{"line":9,"column":2},"end":{"line":9,"column":17}},"3":{"start":{"line":13,"column":29},"end":{"line":27,"column":1}},"4":{"start":{"line":14,"column":39},"end":{"line":14,"column":47}},"5":{"start":{"line":15,"column":21},"end":{"line":15,"column":23}},"6":{"start":{"line":17,"column":23},"end":{"line":17,"column":64}},"7":{"start":{"line":19,"column":15},"end":{"line":23,"column":4}},"8":{"start":{"line":25,"column":20},"end":{"line":25,"column":37}},"9":{"start":{"line":26,"column":2},"end":{"line":26,"column":33}},"10":{"start":{"line":30,"column":28},"end":{"line":42,"column":1}},"11":{"start":{"line":31,"column":17},"end":{"line":31,"column":27}},"12":{"start":{"line":33,"column":15},"end":{"line":33,"column":38}},"13":{"start":{"line":35,"column":2},"end":{"line":41,"column":3}},"14":{"start":{"line":36,"column":4},"end":{"line":36,"column":18}},"15":{"start":{"line":38,"column":4},"end":{"line":40,"column":6}},"16":{"start":{"line":45,"column":26},"end":{"line":60,"column":1}},"17":{"start":{"line":46,"column":39},"end":{"line":46,"column":47}},"18":{"start":{"line":47,"column":17},"end":{"line":47,"column":27}},"19":{"start":{"line":49,"column":21},"end":{"line":49,"column":23}},"20":{"start":{"line":50,"column":23},"end":{"line":50,"column":64}},"21":{"start":{"line":52,"column":25},"end":{"line":56,"column":3}},"22":{"start":{"line":58,"column":22},"end":{"line":58,"column":85}},"23":{"start":{"line":59,"column":2},"end":{"line":59,"column":23}},"24":{"start":{"line":63,"column":26},"end":{"line":68,"column":1}},"25":{"start":{"line":64,"column":17},"end":{"line":64,"column":27}},"26":{"start":{"line":66,"column":22},"end":{"line":66,"column":54}},"27":{"start":{"line":67,"column":2},"end":{"line":67,"column":23}}},"fnMap":{"0":{"name":"(anonymous_0)","decl":{"start":{"line":7,"column":27},"end":{"line":7,"column":28}},"loc":{"start":{"line":7,"column":47},"end":{"line":10,"column":1}},"line":7},"1":{"name":"(anonymous_1)","decl":{"start":{"line":13,"column":29},"end":{"line":13,"column":30}},"loc":{"start":{"line":13,"column":49},"end":{"line":27,"column":1}},"line":13},"2":{"name":"(anonymous_2)","decl":{"start":{"line":30,"column":28},"end":{"line":30,"column":29}},"loc":{"start":{"line":30,"column":48},"end":{"line":42,"column":1}},"line":30},"3":{"name":"(anonymous_3)","decl":{"start":{"line":45,"column":26},"end":{"line":45,"column":27}},"loc":{"start":{"line":45,"column":46},"end":{"line":60,"column":1}},"line":45},"4":{"name":"(anonymous_4)","decl":{"start":{"line":63,"column":26},"end":{"line":63,"column":27}},"loc":{"start":{"line":63,"column":46},"end":{"line":68,"column":1}},"line":63}},"branchMap":{"0":{"loc":{"start":{"line":35,"column":2},"end":{"line":41,"column":3}},"type":"if","locations":[{"start":{"line":35,"column":2},"end":{"line":41,"column":3}},{"start":{"line":37,"column":9},"end":{"line":41,"column":3}}],"line":35}},"s":{"0":1,"1":1,"2":1,"3":1,"4":1,"5":1,"6":1,"7":1,"8":1,"9":1,"10":1,"11":0,"12":0,"13":0,"14":0,"15":0,"16":1,"17":0,"18":0,"19":0,"20":0,"21":0,"22":0,"23":0,"24":1,"25":0,"26":0,"27":0},"f":{"0":1,"1":1,"2":0,"3":0,"4":0},"b":{"0":[0,0]},"_coverageSchema":"1a1c01bbd47fc00a2c39e90264f33305004495a9","hash":"c2c617af91ff4465930c0e6131dc60f07f33dbf5"}
,"/usr/src/app/models/Note.js": {"path":"/usr/src/app/models/Note.js","statementMap":{"0":{"start":{"line":3,"column":19},"end":{"line":17,"column":2}},"1":{"start":{"line":19,"column":0},"end":{"line":31,"column":2}},"2":{"start":{"line":21,"column":4},"end":{"line":21,"column":33}},"3":{"start":{"line":22,"column":4},"end":{"line":24,"column":5}},"4":{"start":{"line":23,"column":6},"end":{"line":23,"column":48}},"5":{"start":{"line":25,"column":4},"end":{"line":27,"column":5}},"6":{"start":{"line":26,"column":6},"end":{"line":26,"column":48}},"7":{"start":{"line":28,"column":4},"end":{"line":28,"column":19}},"8":{"start":{"line":29,"column":4},"end":{"line":29,"column":19}},"9":{"start":{"line":33,"column":13},"end":{"line":33,"column":47}}},"fnMap":{"0":{"name":"(anonymous_0)","decl":{"start":{"line":20,"column":13},"end":{"line":20,"column":14}},"loc":{"start":{"line":20,"column":28},"end":{"line":30,"column":3}},"line":20}},"branchMap":{"0":{"loc":{"start":{"line":22,"column":4},"end":{"line":24,"column":5}},"type":"if","locations":[{"start":{"line":22,"column":4},"end":{"line":24,"column":5}},{"start":{},"end":{}}],"line":22},"1":{"loc":{"start":{"line":25,"column":4},"end":{"line":27,"column":5}},"type":"if","locations":[{"start":{"line":25,"column":4},"end":{"line":27,"column":5}},{"start":{},"end":{}}],"line":25}},"s":{"0":1,"1":1,"2":24,"3":24,"4":24,"5":24,"6":24,"7":24,"8":24,"9":1},"f":{"0":24},"b":{"0":[24,0],"1":[24,0]},"_coverageSchema":"1a1c01bbd47fc00a2c39e90264f33305004495a9","hash":"ee8561a077b3ac6f03b09c884730bb32f936c89d"}
,"/usr/src/app/models/User.js": {"path":"/usr/src/app/models/User.js","statementMap":{"0":{"start":{"line":4,"column":19},"end":{"line":20,"column":2}},"1":{"start":{"line":22,"column":0},"end":{"line":29,"column":2}},"2":{"start":{"line":24,"column":4},"end":{"line":24,"column":53}},"3":{"start":{"line":25,"column":4},"end":{"line":25,"column":29}},"4":{"start":{"line":26,"column":4},"end":{"line":26,"column":29}},"5":{"start":{"line":27,"column":4},"end":{"line":27,"column":38}},"6":{"start":{"line":31,"column":0},"end":{"line":31,"column":34}},"7":{"start":{"line":33,"column":13},"end":{"line":33,"column":47}}},"fnMap":{"0":{"name":"(anonymous_0)","decl":{"start":{"line":23,"column":13},"end":{"line":23,"column":14}},"loc":{"start":{"line":23,"column":43},"end":{"line":28,"column":3}},"line":23}},"branchMap":{},"s":{"0":1,"1":1,"2":23,"3":23,"4":23,"5":23,"6":1,"7":1},"f":{"0":23},"b":{},"_coverageSchema":"1a1c01bbd47fc00a2c39e90264f33305004495a9","hash":"dbf6e7f42988ef3e9931251d33444ed3e79f7da8"}
,"/usr/src/app/routes/LoginRouter.js": {"path":"/usr/src/app/routes/LoginRouter.js","statementMap":{"0":{"start":{"line":6,"column":20},"end":{"line":6,"column":36}},"1":{"start":{"line":12,"column":0},"end":{"line":12,"column":37}}},"fnMap":{},"branchMap":{},"s":{"0":1,"1":1},"f":{},"b":{},"_coverageSchema":"1a1c01bbd47fc00a2c39e90264f33305004495a9","hash":"2cd060b46495aa82e58d17b23b4a2dc662092999"}
,"/usr/src/app/routes/NoteRouter.js": {"path":"/usr/src/app/routes/NoteRouter.js","statementMap":{"0":{"start":{"line":10,"column":19},"end":{"line":10,"column":35}},"1":{"start":{"line":15,"column":0},"end":{"line":15,"column":32}},"2":{"start":{"line":21,"column":0},"end":{"line":21,"column":35}},"3":{"start":{"line":27,"column":0},"end":{"line":27,"column":36}},"4":{"start":{"line":34,"column":0},"end":{"line":34,"column":34}},"5":{"start":{"line":40,"column":0},"end":{"line":40,"column":37}}},"fnMap":{},"branchMap":{},"s":{"0":1,"1":1,"2":1,"3":1,"4":1,"5":1},"f":{},"b":{},"_coverageSchema":"1a1c01bbd47fc00a2c39e90264f33305004495a9","hash":"4ced42e56b7f3c6b698d0a7f5eab66e06c98e87c"}
,"/usr/src/app/routes/UserRouter.js": {"path":"/usr/src/app/routes/UserRouter.js","statementMap":{"0":{"start":{"line":10,"column":19},"end":{"line":10,"column":35}},"1":{"start":{"line":15,"column":0},"end":{"line":15,"column":32}},"2":{"start":{"line":21,"column":0},"end":{"line":21,"column":35}},"3":{"start":{"line":27,"column":0},"end":{"line":27,"column":36}},"4":{"start":{"line":34,"column":0},"end":{"line":34,"column":34}},"5":{"start":{"line":40,"column":0},"end":{"line":40,"column":37}}},"fnMap":{},"branchMap":{},"s":{"0":1,"1":1,"2":1,"3":1,"4":1,"5":1},"f":{},"b":{},"_coverageSchema":"1a1c01bbd47fc00a2c39e90264f33305004495a9","hash":"58748b407c00cb0dd44135c179663162f52070c8"}
,"/usr/src/app/tests/helper.js": {"path":"/usr/src/app/tests/helper.js","statementMap":{"0":{"start":{"line":3,"column":25},"end":{"line":12,"column":1}},"1":{"start":{"line":14,"column":29},"end":{"line":20,"column":1}},"2":{"start":{"line":15,"column":15},"end":{"line":15,"column":58}},"3":{"start":{"line":16,"column":2},"end":{"line":16,"column":19}},"4":{"start":{"line":17,"column":2},"end":{"line":17,"column":24}},"5":{"start":{"line":19,"column":2},"end":{"line":19,"column":28}},"6":{"start":{"line":22,"column":25},"end":{"line":27,"column":1}},"7":{"start":{"line":23,"column":16},"end":{"line":23,"column":78}},"8":{"start":{"line":24,"column":20},"end":{"line":24,"column":52}},"9":{"start":{"line":24,"column":38},"end":{"line":24,"column":51}},"10":{"start":{"line":26,"column":2},"end":{"line":26,"column":18}}},"fnMap":{"0":{"name":"(anonymous_0)","decl":{"start":{"line":14,"column":29},"end":{"line":14,"column":30}},"loc":{"start":{"line":14,"column":41},"end":{"line":20,"column":1}},"line":14},"1":{"name":"(anonymous_1)","decl":{"start":{"line":22,"column":25},"end":{"line":22,"column":26}},"loc":{"start":{"line":22,"column":37},"end":{"line":27,"column":1}},"line":22},"2":{"name":"(anonymous_2)","decl":{"start":{"line":24,"column":30},"end":{"line":24,"column":31}},"loc":{"start":{"line":24,"column":38},"end":{"line":24,"column":51}},"line":24}},"branchMap":{},"s":{"0":1,"1":1,"2":1,"3":1,"4":1,"5":1,"6":1,"7":5,"8":5,"9":13,"10":5},"f":{"0":1,"1":5,"2":13},"b":{},"_coverageSchema":"1a1c01bbd47fc00a2c39e90264f33305004495a9","hash":"6969afe310ec1e0a78acf7e7da6c753922d8f24b"}
,"/usr/src/app/util/config.js": {"path":"/usr/src/app/util/config.js","statementMap":{"0":{"start":{"line":3,"column":24},"end":{"line":3,"column":48}},"1":{"start":{"line":5,"column":27},"end":{"line":7,"column":27}},"2":{"start":{"line":9,"column":23},"end":{"line":11,"column":23}},"3":{"start":{"line":13,"column":22},"end":{"line":13,"column":40}}},"fnMap":{},"branchMap":{"0":{"loc":{"start":{"line":3,"column":24},"end":{"line":3,"column":48}},"type":"binary-expr","locations":[{"start":{"line":3,"column":24},"end":{"line":3,"column":40}},{"start":{"line":3,"column":44},"end":{"line":3,"column":48}}],"line":3},"1":{"loc":{"start":{"line":5,"column":27},"end":{"line":7,"column":27}},"type":"cond-expr","locations":[{"start":{"line":6,"column":4},"end":{"line":6,"column":32}},{"start":{"line":7,"column":4},"end":{"line":7,"column":27}}],"line":5},"2":{"loc":{"start":{"line":9,"column":23},"end":{"line":11,"column":23}},"type":"cond-expr","locations":[{"start":{"line":10,"column":4},"end":{"line":10,"column":28}},{"start":{"line":11,"column":4},"end":{"line":11,"column":23}}],"line":9}},"s":{"0":1,"1":1,"2":1,"3":1},"f":{},"b":{"0":[1,0],"1":[1,0],"2":[1,0]},"_coverageSchema":"1a1c01bbd47fc00a2c39e90264f33305004495a9","hash":"502e02e4c4583f013daa9ae447a806e02329694d"}
,"/usr/src/app/util/db_util.js": {"path":"/usr/src/app/util/db_util.js","statementMap":{"0":{"start":{"line":5,"column":0},"end":{"line":7,"column":2}},"1":{"start":{"line":6,"column":2},"end":{"line":6,"column":40}},"2":{"start":{"line":9,"column":0},"end":{"line":11,"column":2}},"3":{"start":{"line":10,"column":2},"end":{"line":10,"column":22}},"4":{"start":{"line":13,"column":0},"end":{"line":15,"column":2}},"5":{"start":{"line":14,"column":2},"end":{"line":14,"column":51}},"6":{"start":{"line":17,"column":22},"end":{"line":30,"column":1}},"7":{"start":{"line":18,"column":2},"end":{"line":18,"column":79}},"8":{"start":{"line":20,"column":2},"end":{"line":20,"column":36}},"9":{"start":{"line":21,"column":2},"end":{"line":29,"column":3}},"10":{"start":{"line":22,"column":4},"end":{"line":26,"column":6}},"11":{"start":{"line":28,"column":4},"end":{"line":28,"column":15}}},"fnMap":{"0":{"name":"(anonymous_0)","decl":{"start":{"line":5,"column":36},"end":{"line":5,"column":37}},"loc":{"start":{"line":5,"column":42},"end":{"line":7,"column":1}},"line":5},"1":{"name":"(anonymous_1)","decl":{"start":{"line":9,"column":32},"end":{"line":9,"column":33}},"loc":{"start":{"line":9,"column":39},"end":{"line":11,"column":1}},"line":9},"2":{"name":"(anonymous_2)","decl":{"start":{"line":13,"column":39},"end":{"line":13,"column":40}},"loc":{"start":{"line":13,"column":45},"end":{"line":15,"column":1}},"line":13},"3":{"name":"(anonymous_3)","decl":{"start":{"line":17,"column":22},"end":{"line":17,"column":23}},"loc":{"start":{"line":17,"column":28},"end":{"line":30,"column":1}},"line":17}},"branchMap":{},"s":{"0":1,"1":1,"2":1,"3":0,"4":1,"5":1,"6":1,"7":1,"8":1,"9":1,"10":1,"11":0},"f":{"0":1,"1":0,"2":1,"3":1},"b":{},"_coverageSchema":"1a1c01bbd47fc00a2c39e90264f33305004495a9","hash":"bff7a90f5653ee6c21681c20556eafea7efc11e0"}
,"/usr/src/app/util/for_testing.js": {"path":"/usr/src/app/util/for_testing.js","statementMap":{"0":{"start":{"line":1,"column":23},"end":{"line":1,"column":70}},"1":{"start":{"line":1,"column":35},"end":{"line":1,"column":70}},"2":{"start":{"line":3,"column":23},"end":{"line":7,"column":1}},"3":{"start":{"line":4,"column":18},"end":{"line":4,"column":43}},"4":{"start":{"line":4,"column":33},"end":{"line":4,"column":43}},"5":{"start":{"line":6,"column":2},"end":{"line":6,"column":48}}},"fnMap":{"0":{"name":"(anonymous_0)","decl":{"start":{"line":1,"column":23},"end":{"line":1,"column":24}},"loc":{"start":{"line":1,"column":35},"end":{"line":1,"column":70}},"line":1},"1":{"name":"(anonymous_1)","decl":{"start":{"line":3,"column":23},"end":{"line":3,"column":24}},"loc":{"start":{"line":3,"column":34},"end":{"line":7,"column":1}},"line":3},"2":{"name":"(anonymous_2)","decl":{"start":{"line":4,"column":18},"end":{"line":4,"column":19}},"loc":{"start":{"line":4,"column":33},"end":{"line":4,"column":43}},"line":4}},"branchMap":{},"s":{"0":1,"1":3,"2":1,"3":0,"4":0,"5":0},"f":{"0":3,"1":0,"2":0},"b":{},"_coverageSchema":"1a1c01bbd47fc00a2c39e90264f33305004495a9","hash":"8981350094e69cb6b69d647e718f70fc3781ab6f"}
,"/usr/src/app/util/logger.js": {"path":"/usr/src/app/util/logger.js","statementMap":{"0":{"start":{"line":3,"column":23},"end":{"line":7,"column":1}},"1":{"start":{"line":4,"column":2},"end":{"line":6,"column":3}},"2":{"start":{"line":5,"column":4},"end":{"line":5,"column":39}},"3":{"start":{"line":9,"column":24},"end":{"line":11,"column":1}},"4":{"start":{"line":10,"column":2},"end":{"line":10,"column":37}}},"fnMap":{"0":{"name":"(anonymous_0)","decl":{"start":{"line":3,"column":23},"end":{"line":3,"column":24}},"loc":{"start":{"line":3,"column":38},"end":{"line":7,"column":1}},"line":3},"1":{"name":"(anonymous_1)","decl":{"start":{"line":9,"column":24},"end":{"line":9,"column":25}},"loc":{"start":{"line":9,"column":39},"end":{"line":11,"column":1}},"line":9}},"branchMap":{"0":{"loc":{"start":{"line":4,"column":2},"end":{"line":6,"column":3}},"type":"if","locations":[{"start":{"line":4,"column":2},"end":{"line":6,"column":3}},{"start":{},"end":{}}],"line":4}},"s":{"0":1,"1":73,"2":0,"3":1,"4":0},"f":{"0":73,"1":0},"b":{"0":[0,73]},"_coverageSchema":"1a1c01bbd47fc00a2c39e90264f33305004495a9","hash":"304d5343802780f080677176817a67e36040033e"}
,"/usr/src/app/util/middleware.js": {"path":"/usr/src/app/util/middleware.js","statementMap":{"0":{"start":{"line":4,"column":29},"end":{"line":10,"column":1}},"1":{"start":{"line":5,"column":2},"end":{"line":5,"column":32}},"2":{"start":{"line":6,"column":2},"end":{"line":6,"column":30}},"3":{"start":{"line":7,"column":2},"end":{"line":7,"column":30}},"4":{"start":{"line":8,"column":2},"end":{"line":8,"column":16}},"5":{"start":{"line":9,"column":2},"end":{"line":9,"column":8}},"6":{"start":{"line":13,"column":38},"end":{"line":15,"column":1}},"7":{"start":{"line":14,"column":2},"end":{"line":14,"column":53}},"8":{"start":{"line":18,"column":28},"end":{"line":33,"column":1}},"9":{"start":{"line":19,"column":2},"end":{"line":31,"column":3}},"10":{"start":{"line":20,"column":4},"end":{"line":20,"column":61}},"11":{"start":{"line":21,"column":9},"end":{"line":31,"column":3}},"12":{"start":{"line":22,"column":4},"end":{"line":22,"column":55}},"13":{"start":{"line":23,"column":9},"end":{"line":31,"column":3}},"14":{"start":{"line":24,"column":4},"end":{"line":26,"column":6}},"15":{"start":{"line":27,"column":9},"end":{"line":31,"column":3}},"16":{"start":{"line":28,"column":4},"end":{"line":30,"column":6}},"17":{"start":{"line":32,"column":2},"end":{"line":32,"column":52}}},"fnMap":{"0":{"name":"(anonymous_0)","decl":{"start":{"line":4,"column":29},"end":{"line":4,"column":30}},"loc":{"start":{"line":4,"column":49},"end":{"line":10,"column":1}},"line":4},"1":{"name":"(anonymous_1)","decl":{"start":{"line":13,"column":38},"end":{"line":13,"column":39}},"loc":{"start":{"line":13,"column":52},"end":{"line":15,"column":1}},"line":13},"2":{"name":"(anonymous_2)","decl":{"start":{"line":18,"column":28},"end":{"line":18,"column":29}},"loc":{"start":{"line":18,"column":53},"end":{"line":33,"column":1}},"line":18}},"branchMap":{"0":{"loc":{"start":{"line":19,"column":2},"end":{"line":31,"column":3}},"type":"if","locations":[{"start":{"line":19,"column":2},"end":{"line":31,"column":3}},{"start":{"line":21,"column":9},"end":{"line":31,"column":3}}],"line":19},"1":{"loc":{"start":{"line":21,"column":9},"end":{"line":31,"column":3}},"type":"if","locations":[{"start":{"line":21,"column":9},"end":{"line":31,"column":3}},{"start":{"line":23,"column":9},"end":{"line":31,"column":3}}],"line":21},"2":{"loc":{"start":{"line":23,"column":9},"end":{"line":31,"column":3}},"type":"if","locations":[{"start":{"line":23,"column":9},"end":{"line":31,"column":3}},{"start":{"line":27,"column":9},"end":{"line":31,"column":3}}],"line":23},"3":{"loc":{"start":{"line":27,"column":9},"end":{"line":31,"column":3}},"type":"if","locations":[{"start":{"line":27,"column":9},"end":{"line":31,"column":3}},{"start":{},"end":{}}],"line":27},"4":{"loc":{"start":{"line":32,"column":13},"end":{"line":32,"column":30}},"type":"binary-expr","locations":[{"start":{"line":32,"column":13},"end":{"line":32,"column":23}},{"start":{"line":32,"column":27},"end":{"line":32,"column":30}}],"line":32}},"s":{"0":1,"1":16,"2":16,"3":16,"4":16,"5":16,"6":1,"7":0,"8":1,"9":2,"10":1,"11":1,"12":1,"13":0,"14":0,"15":0,"16":0,"17":0},"f":{"0":16,"1":0,"2":2},"b":{"0":[1,1],"1":[1,0],"2":[0,0],"3":[0,0],"4":[0,0]},"_coverageSchema":"1a1c01bbd47fc00a2c39e90264f33305004495a9","hash":"2da6d23e3c1365a96c97b0d924e3f7e3fac3a2e5"}
}
