{"/Users/zrybeawhitfield/Desktop/workspace/notes-app/backend/index.js": {"path":"/Users/zrybeawhitfield/Desktop/workspace/notes-app/backend/index.js","statementMap":{"0":{"start":{"line":18,"column":0},"end":{"line":18,"column":26}},"1":{"start":{"line":19,"column":0},"end":{"line":19,"column":8}},"2":{"start":{"line":20,"column":15},"end":{"line":20,"column":24}},"3":{"start":{"line":23,"column":0},"end":{"line":23,"column":18}},"4":{"start":{"line":24,"column":0},"end":{"line":24,"column":26}},"5":{"start":{"line":25,"column":0},"end":{"line":25,"column":34}},"6":{"start":{"line":26,"column":0},"end":{"line":26,"column":25}},"7":{"start":{"line":29,"column":0},"end":{"line":29,"column":35}},"8":{"start":{"line":30,"column":0},"end":{"line":30,"column":35}},"9":{"start":{"line":31,"column":0},"end":{"line":31,"column":36}},"10":{"start":{"line":34,"column":0},"end":{"line":34,"column":24}},"11":{"start":{"line":35,"column":0},"end":{"line":35,"column":34}},"12":{"start":{"line":38,"column":0},"end":{"line":38,"column":23}},"13":{"start":{"line":39,"column":0},"end":{"line":39,"column":47}}},"fnMap":{},"branchMap":{},"s":{"0":1,"1":1,"2":1,"3":1,"4":1,"5":1,"6":1,"7":1,"8":1,"9":1,"10":1,"11":1,"12":1,"13":1},"f":{},"b":{},"inputSourceMap":null,"_coverageSchema":"1a1c01bbd47fc00a2c39e90264f33305004495a9","hash":"7b174feeef630ed7333e6fc9893090a29acee609"}
,"/Users/zrybeawhitfield/Desktop/workspace/notes-app/backend/controllers/LoginController.js": {"path":"/Users/zrybeawhitfield/Desktop/workspace/notes-app/backend/controllers/LoginController.js","statementMap":{"0":{"start":{"line":16,"column":30},"end":{"line":47,"column":1}},"1":{"start":{"line":17,"column":33},"end":{"line":17,"column":41}},"2":{"start":{"line":19,"column":15},"end":{"line":19,"column":47}},"3":{"start":{"line":21,"column":26},"end":{"line":23,"column":57}},"4":{"start":{"line":25,"column":2},"end":{"line":29,"column":3}},"5":{"start":{"line":26,"column":4},"end":{"line":28,"column":6}},"6":{"start":{"line":31,"column":23},"end":{"line":34,"column":3}},"7":{"start":{"line":36,"column":16},"end":{"line":40,"column":3}},"8":{"start":{"line":42,"column":2},"end":{"line":46,"column":4}}},"fnMap":{"0":{"name":"(anonymous_0)","decl":{"start":{"line":16,"column":30},"end":{"line":16,"column":31}},"loc":{"start":{"line":16,"column":50},"end":{"line":47,"column":1}},"line":16}},"branchMap":{"0":{"loc":{"start":{"line":21,"column":26},"end":{"line":23,"column":57}},"type":"cond-expr","locations":[{"start":{"line":22,"column":6},"end":{"line":22,"column":11}},{"start":{"line":23,"column":6},"end":{"line":23,"column":57}}],"line":21},"1":{"loc":{"start":{"line":25,"column":2},"end":{"line":29,"column":3}},"type":"if","locations":[{"start":{"line":25,"column":2},"end":{"line":29,"column":3}},{"start":{},"end":{}}],"line":25},"2":{"loc":{"start":{"line":25,"column":8},"end":{"line":25,"column":31}},"type":"binary-expr","locations":[{"start":{"line":25,"column":8},"end":{"line":25,"column":12}},{"start":{"line":25,"column":16},"end":{"line":25,"column":31}}],"line":25}},"s":{"0":1,"1":0,"2":0,"3":0,"4":0,"5":0,"6":0,"7":0,"8":0},"f":{"0":0},"b":{"0":[0,0],"1":[0,0],"2":[0,0]},"inputSourceMap":null,"_coverageSchema":"1a1c01bbd47fc00a2c39e90264f33305004495a9","hash":"fd2a9afe63392570d9176315ba21121872b98a68"}
,"/Users/zrybeawhitfield/Desktop/workspace/notes-app/backend/controllers/NoteController.js": {"path":"/Users/zrybeawhitfield/Desktop/workspace/notes-app/backend/controllers/NoteController.js","statementMap":{"0":{"start":{"line":18,"column":21},"end":{"line":25,"column":1}},"1":{"start":{"line":19,"column":2},"end":{"line":19,"column":44}},"2":{"start":{"line":21,"column":2},"end":{"line":23,"column":3}},"3":{"start":{"line":22,"column":4},"end":{"line":22,"column":47}},"4":{"start":{"line":24,"column":2},"end":{"line":24,"column":13}},"5":{"start":{"line":34,"column":27},"end":{"line":40,"column":1}},"6":{"start":{"line":35,"column":16},"end":{"line":37,"column":4}},"7":{"start":{"line":39,"column":2},"end":{"line":39,"column":17}},"8":{"start":{"line":52,"column":29},"end":{"line":80,"column":1}},"9":{"start":{"line":53,"column":33},"end":{"line":53,"column":41}},"10":{"start":{"line":55,"column":24},"end":{"line":55,"column":48}},"11":{"start":{"line":56,"column":2},"end":{"line":58,"column":3}},"12":{"start":{"line":57,"column":4},"end":{"line":57,"column":69}},"13":{"start":{"line":60,"column":23},"end":{"line":60,"column":70}},"14":{"start":{"line":61,"column":2},"end":{"line":63,"column":3}},"15":{"start":{"line":62,"column":4},"end":{"line":62,"column":59}},"16":{"start":{"line":65,"column":15},"end":{"line":65,"column":51}},"17":{"start":{"line":67,"column":15},"end":{"line":71,"column":4}},"18":{"start":{"line":73,"column":20},"end":{"line":73,"column":37}},"19":{"start":{"line":75,"column":2},"end":{"line":75,"column":47}},"20":{"start":{"line":77,"column":2},"end":{"line":77,"column":19}},"21":{"start":{"line":79,"column":2},"end":{"line":79,"column":33}},"22":{"start":{"line":90,"column":28},"end":{"line":99,"column":1}},"23":{"start":{"line":91,"column":17},"end":{"line":91,"column":27}},"24":{"start":{"line":93,"column":15},"end":{"line":93,"column":81}},"25":{"start":{"line":94,"column":2},"end":{"line":98,"column":3}},"26":{"start":{"line":95,"column":4},"end":{"line":95,"column":18}},"27":{"start":{"line":97,"column":4},"end":{"line":97,"column":67}},"28":{"start":{"line":111,"column":26},"end":{"line":127,"column":1}},"29":{"start":{"line":112,"column":33},"end":{"line":112,"column":41}},"30":{"start":{"line":113,"column":17},"end":{"line":113,"column":27}},"31":{"start":{"line":115,"column":25},"end":{"line":118,"column":3}},"32":{"start":{"line":120,"column":22},"end":{"line":124,"column":46}},"33":{"start":{"line":126,"column":2},"end":{"line":126,"column":23}},"34":{"start":{"line":137,"column":26},"end":{"line":142,"column":1}},"35":{"start":{"line":138,"column":17},"end":{"line":138,"column":27}},"36":{"start":{"line":140,"column":22},"end":{"line":140,"column":97}},"37":{"start":{"line":141,"column":2},"end":{"line":141,"column":35}}},"fnMap":{"0":{"name":"(anonymous_0)","decl":{"start":{"line":18,"column":21},"end":{"line":18,"column":22}},"loc":{"start":{"line":18,"column":38},"end":{"line":25,"column":1}},"line":18},"1":{"name":"(anonymous_1)","decl":{"start":{"line":34,"column":27},"end":{"line":34,"column":28}},"loc":{"start":{"line":34,"column":47},"end":{"line":40,"column":1}},"line":34},"2":{"name":"(anonymous_2)","decl":{"start":{"line":52,"column":29},"end":{"line":52,"column":30}},"loc":{"start":{"line":52,"column":49},"end":{"line":80,"column":1}},"line":52},"3":{"name":"(anonymous_3)","decl":{"start":{"line":90,"column":28},"end":{"line":90,"column":29}},"loc":{"start":{"line":90,"column":48},"end":{"line":99,"column":1}},"line":90},"4":{"name":"(anonymous_4)","decl":{"start":{"line":111,"column":26},"end":{"line":111,"column":27}},"loc":{"start":{"line":111,"column":46},"end":{"line":127,"column":1}},"line":111},"5":{"name":"(anonymous_5)","decl":{"start":{"line":137,"column":26},"end":{"line":137,"column":27}},"loc":{"start":{"line":137,"column":46},"end":{"line":142,"column":1}},"line":137}},"branchMap":{"0":{"loc":{"start":{"line":21,"column":2},"end":{"line":23,"column":3}},"type":"if","locations":[{"start":{"line":21,"column":2},"end":{"line":23,"column":3}},{"start":{},"end":{}}],"line":21},"1":{"loc":{"start":{"line":56,"column":2},"end":{"line":58,"column":3}},"type":"if","locations":[{"start":{"line":56,"column":2},"end":{"line":58,"column":3}},{"start":{},"end":{}}],"line":56},"2":{"loc":{"start":{"line":61,"column":2},"end":{"line":63,"column":3}},"type":"if","locations":[{"start":{"line":61,"column":2},"end":{"line":63,"column":3}},{"start":{},"end":{}}],"line":61},"3":{"loc":{"start":{"line":69,"column":15},"end":{"line":69,"column":33}},"type":"binary-expr","locations":[{"start":{"line":69,"column":15},"end":{"line":69,"column":24}},{"start":{"line":69,"column":28},"end":{"line":69,"column":33}}],"line":69},"4":{"loc":{"start":{"line":94,"column":2},"end":{"line":98,"column":3}},"type":"if","locations":[{"start":{"line":94,"column":2},"end":{"line":98,"column":3}},{"start":{"line":96,"column":9},"end":{"line":98,"column":3}}],"line":94}},"s":{"0":1,"1":0,"2":0,"3":0,"4":0,"5":1,"6":0,"7":0,"8":1,"9":0,"10":0,"11":0,"12":0,"13":0,"14":0,"15":0,"16":0,"17":0,"18":0,"19":0,"20":0,"21":0,"22":1,"23":0,"24":0,"25":0,"26":0,"27":0,"28":1,"29":0,"30":0,"31":0,"32":0,"33":0,"34":1,"35":0,"36":0,"37":0},"f":{"0":0,"1":0,"2":0,"3":0,"4":0,"5":0},"b":{"0":[0,0],"1":[0,0],"2":[0,0],"3":[0,0],"4":[0,0]},"inputSourceMap":null,"_coverageSchema":"1a1c01bbd47fc00a2c39e90264f33305004495a9","hash":"d5549effc65d7e1a5a4b86691317d447c5865888"}
,"/Users/zrybeawhitfield/Desktop/workspace/notes-app/backend/controllers/UserController.js": {"path":"/Users/zrybeawhitfield/Desktop/workspace/notes-app/backend/controllers/UserController.js","statementMap":{"0":{"start":{"line":13,"column":27},"end":{"line":16,"column":1}},"1":{"start":{"line":14,"column":16},"end":{"line":14,"column":53}},"2":{"start":{"line":15,"column":2},"end":{"line":15,"column":17}},"3":{"start":{"line":28,"column":29},"end":{"line":42,"column":1}},"4":{"start":{"line":29,"column":39},"end":{"line":29,"column":47}},"5":{"start":{"line":30,"column":21},"end":{"line":30,"column":23}},"6":{"start":{"line":32,"column":23},"end":{"line":32,"column":64}},"7":{"start":{"line":34,"column":15},"end":{"line":38,"column":4}},"8":{"start":{"line":40,"column":20},"end":{"line":40,"column":37}},"9":{"start":{"line":41,"column":2},"end":{"line":41,"column":33}},"10":{"start":{"line":52,"column":28},"end":{"line":64,"column":1}},"11":{"start":{"line":53,"column":17},"end":{"line":53,"column":27}},"12":{"start":{"line":55,"column":15},"end":{"line":55,"column":38}},"13":{"start":{"line":57,"column":2},"end":{"line":63,"column":3}},"14":{"start":{"line":58,"column":4},"end":{"line":58,"column":18}},"15":{"start":{"line":60,"column":4},"end":{"line":62,"column":6}},"16":{"start":{"line":77,"column":26},"end":{"line":92,"column":1}},"17":{"start":{"line":78,"column":39},"end":{"line":78,"column":47}},"18":{"start":{"line":79,"column":17},"end":{"line":79,"column":27}},"19":{"start":{"line":81,"column":21},"end":{"line":81,"column":23}},"20":{"start":{"line":82,"column":23},"end":{"line":82,"column":64}},"21":{"start":{"line":84,"column":25},"end":{"line":88,"column":3}},"22":{"start":{"line":90,"column":22},"end":{"line":90,"column":85}},"23":{"start":{"line":91,"column":2},"end":{"line":91,"column":23}},"24":{"start":{"line":102,"column":26},"end":{"line":107,"column":1}},"25":{"start":{"line":103,"column":17},"end":{"line":103,"column":27}},"26":{"start":{"line":105,"column":22},"end":{"line":105,"column":54}},"27":{"start":{"line":106,"column":2},"end":{"line":106,"column":23}}},"fnMap":{"0":{"name":"(anonymous_0)","decl":{"start":{"line":13,"column":27},"end":{"line":13,"column":28}},"loc":{"start":{"line":13,"column":47},"end":{"line":16,"column":1}},"line":13},"1":{"name":"(anonymous_1)","decl":{"start":{"line":28,"column":29},"end":{"line":28,"column":30}},"loc":{"start":{"line":28,"column":49},"end":{"line":42,"column":1}},"line":28},"2":{"name":"(anonymous_2)","decl":{"start":{"line":52,"column":28},"end":{"line":52,"column":29}},"loc":{"start":{"line":52,"column":48},"end":{"line":64,"column":1}},"line":52},"3":{"name":"(anonymous_3)","decl":{"start":{"line":77,"column":26},"end":{"line":77,"column":27}},"loc":{"start":{"line":77,"column":46},"end":{"line":92,"column":1}},"line":77},"4":{"name":"(anonymous_4)","decl":{"start":{"line":102,"column":26},"end":{"line":102,"column":27}},"loc":{"start":{"line":102,"column":46},"end":{"line":107,"column":1}},"line":102}},"branchMap":{"0":{"loc":{"start":{"line":57,"column":2},"end":{"line":63,"column":3}},"type":"if","locations":[{"start":{"line":57,"column":2},"end":{"line":63,"column":3}},{"start":{"line":59,"column":9},"end":{"line":63,"column":3}}],"line":57}},"s":{"0":1,"1":0,"2":0,"3":1,"4":0,"5":0,"6":0,"7":0,"8":0,"9":0,"10":1,"11":0,"12":0,"13":0,"14":0,"15":0,"16":1,"17":0,"18":0,"19":0,"20":0,"21":0,"22":0,"23":0,"24":1,"25":0,"26":0,"27":0},"f":{"0":0,"1":0,"2":0,"3":0,"4":0},"b":{"0":[0,0]},"inputSourceMap":null,"_coverageSchema":"1a1c01bbd47fc00a2c39e90264f33305004495a9","hash":"53597ab3b72e09adda8b788f3f73c829175c094c"}
,"/Users/zrybeawhitfield/Desktop/workspace/notes-app/backend/models/Note.js": {"path":"/Users/zrybeawhitfield/Desktop/workspace/notes-app/backend/models/Note.js","statementMap":{"0":{"start":{"line":6,"column":19},"end":{"line":19,"column":2}},"1":{"start":{"line":24,"column":0},"end":{"line":36,"column":2}},"2":{"start":{"line":26,"column":4},"end":{"line":26,"column":33}},"3":{"start":{"line":27,"column":4},"end":{"line":29,"column":5}},"4":{"start":{"line":28,"column":6},"end":{"line":28,"column":48}},"5":{"start":{"line":30,"column":4},"end":{"line":32,"column":5}},"6":{"start":{"line":31,"column":6},"end":{"line":31,"column":48}},"7":{"start":{"line":33,"column":4},"end":{"line":33,"column":19}},"8":{"start":{"line":34,"column":4},"end":{"line":34,"column":19}},"9":{"start":{"line":38,"column":13},"end":{"line":38,"column":47}}},"fnMap":{"0":{"name":"(anonymous_0)","decl":{"start":{"line":25,"column":13},"end":{"line":25,"column":14}},"loc":{"start":{"line":25,"column":28},"end":{"line":35,"column":3}},"line":25}},"branchMap":{"0":{"loc":{"start":{"line":27,"column":4},"end":{"line":29,"column":5}},"type":"if","locations":[{"start":{"line":27,"column":4},"end":{"line":29,"column":5}},{"start":{},"end":{}}],"line":27},"1":{"loc":{"start":{"line":30,"column":4},"end":{"line":32,"column":5}},"type":"if","locations":[{"start":{"line":30,"column":4},"end":{"line":32,"column":5}},{"start":{},"end":{}}],"line":30}},"s":{"0":1,"1":1,"2":0,"3":0,"4":0,"5":0,"6":0,"7":0,"8":0,"9":1},"f":{"0":0},"b":{"0":[0,0],"1":[0,0]},"inputSourceMap":null,"_coverageSchema":"1a1c01bbd47fc00a2c39e90264f33305004495a9","hash":"e7d22c8fa7d78cf980eaa0099159da070ba7b937"}
,"/Users/zrybeawhitfield/Desktop/workspace/notes-app/backend/models/User.js": {"path":"/Users/zrybeawhitfield/Desktop/workspace/notes-app/backend/models/User.js","statementMap":{"0":{"start":{"line":7,"column":19},"end":{"line":23,"column":2}},"1":{"start":{"line":28,"column":0},"end":{"line":35,"column":2}},"2":{"start":{"line":30,"column":4},"end":{"line":30,"column":53}},"3":{"start":{"line":31,"column":4},"end":{"line":31,"column":29}},"4":{"start":{"line":32,"column":4},"end":{"line":32,"column":29}},"5":{"start":{"line":33,"column":4},"end":{"line":33,"column":38}},"6":{"start":{"line":40,"column":0},"end":{"line":40,"column":34}},"7":{"start":{"line":42,"column":13},"end":{"line":42,"column":47}}},"fnMap":{"0":{"name":"(anonymous_0)","decl":{"start":{"line":29,"column":13},"end":{"line":29,"column":14}},"loc":{"start":{"line":29,"column":43},"end":{"line":34,"column":3}},"line":29}},"branchMap":{},"s":{"0":1,"1":1,"2":0,"3":0,"4":0,"5":0,"6":1,"7":1},"f":{"0":0},"b":{},"inputSourceMap":null,"_coverageSchema":"1a1c01bbd47fc00a2c39e90264f33305004495a9","hash":"10b4a9a4e8e71ab6c87336c964f60019f0e3af97"}
,"/Users/zrybeawhitfield/Desktop/workspace/notes-app/backend/routes/LoginRouter.js": {"path":"/Users/zrybeawhitfield/Desktop/workspace/notes-app/backend/routes/LoginRouter.js","statementMap":{"0":{"start":{"line":10,"column":20},"end":{"line":10,"column":36}},"1":{"start":{"line":15,"column":0},"end":{"line":15,"column":37}}},"fnMap":{},"branchMap":{},"s":{"0":1,"1":1},"f":{},"b":{},"inputSourceMap":null,"_coverageSchema":"1a1c01bbd47fc00a2c39e90264f33305004495a9","hash":"3eeada40fd2ac022768554a848de67e199e253da"}
,"/Users/zrybeawhitfield/Desktop/workspace/notes-app/backend/routes/NoteRouter.js": {"path":"/Users/zrybeawhitfield/Desktop/workspace/notes-app/backend/routes/NoteRouter.js","statementMap":{"0":{"start":{"line":14,"column":19},"end":{"line":14,"column":35}},"1":{"start":{"line":19,"column":0},"end":{"line":19,"column":32}},"2":{"start":{"line":24,"column":0},"end":{"line":24,"column":35}},"3":{"start":{"line":29,"column":0},"end":{"line":29,"column":36}},"4":{"start":{"line":34,"column":0},"end":{"line":34,"column":34}},"5":{"start":{"line":39,"column":0},"end":{"line":39,"column":37}}},"fnMap":{},"branchMap":{},"s":{"0":1,"1":1,"2":1,"3":1,"4":1,"5":1},"f":{},"b":{},"inputSourceMap":null,"_coverageSchema":"1a1c01bbd47fc00a2c39e90264f33305004495a9","hash":"14963f6f3e80866e76b96520e22118e58395755b"}
,"/Users/zrybeawhitfield/Desktop/workspace/notes-app/backend/routes/UserRouter.js": {"path":"/Users/zrybeawhitfield/Desktop/workspace/notes-app/backend/routes/UserRouter.js","statementMap":{"0":{"start":{"line":14,"column":19},"end":{"line":14,"column":35}},"1":{"start":{"line":19,"column":0},"end":{"line":19,"column":32}},"2":{"start":{"line":24,"column":0},"end":{"line":24,"column":35}},"3":{"start":{"line":29,"column":0},"end":{"line":29,"column":36}},"4":{"start":{"line":34,"column":0},"end":{"line":34,"column":34}},"5":{"start":{"line":39,"column":0},"end":{"line":39,"column":37}}},"fnMap":{},"branchMap":{},"s":{"0":1,"1":1,"2":1,"3":1,"4":1,"5":1},"f":{},"b":{},"inputSourceMap":null,"_coverageSchema":"1a1c01bbd47fc00a2c39e90264f33305004495a9","hash":"37ded0f3e49457962b9077f4420e6b9af9d414c0"}
,"/Users/zrybeawhitfield/Desktop/workspace/notes-app/backend/tests/helper.js": {"path":"/Users/zrybeawhitfield/Desktop/workspace/notes-app/backend/tests/helper.js","statementMap":{"0":{"start":{"line":3,"column":25},"end":{"line":12,"column":1}},"1":{"start":{"line":14,"column":29},"end":{"line":20,"column":1}},"2":{"start":{"line":15,"column":15},"end":{"line":15,"column":58}},"3":{"start":{"line":16,"column":2},"end":{"line":16,"column":19}},"4":{"start":{"line":17,"column":2},"end":{"line":17,"column":24}},"5":{"start":{"line":19,"column":2},"end":{"line":19,"column":28}},"6":{"start":{"line":22,"column":25},"end":{"line":27,"column":1}},"7":{"start":{"line":23,"column":16},"end":{"line":23,"column":78}},"8":{"start":{"line":24,"column":20},"end":{"line":24,"column":52}},"9":{"start":{"line":24,"column":38},"end":{"line":24,"column":51}},"10":{"start":{"line":26,"column":2},"end":{"line":26,"column":18}}},"fnMap":{"0":{"name":"(anonymous_0)","decl":{"start":{"line":14,"column":29},"end":{"line":14,"column":30}},"loc":{"start":{"line":14,"column":41},"end":{"line":20,"column":1}},"line":14},"1":{"name":"(anonymous_1)","decl":{"start":{"line":22,"column":25},"end":{"line":22,"column":26}},"loc":{"start":{"line":22,"column":37},"end":{"line":27,"column":1}},"line":22},"2":{"name":"(anonymous_2)","decl":{"start":{"line":24,"column":30},"end":{"line":24,"column":31}},"loc":{"start":{"line":24,"column":38},"end":{"line":24,"column":51}},"line":24}},"branchMap":{},"s":{"0":1,"1":1,"2":0,"3":0,"4":0,"5":0,"6":1,"7":0,"8":0,"9":0,"10":0},"f":{"0":0,"1":0,"2":0},"b":{},"inputSourceMap":null,"_coverageSchema":"1a1c01bbd47fc00a2c39e90264f33305004495a9","hash":"8639d572b0dc26bda3b55ca174db0a6f6d070171"}
,"/Users/zrybeawhitfield/Desktop/workspace/notes-app/backend/util/config.js": {"path":"/Users/zrybeawhitfield/Desktop/workspace/notes-app/backend/util/config.js","statementMap":{"0":{"start":{"line":8,"column":24},"end":{"line":8,"column":48}},"1":{"start":{"line":15,"column":27},"end":{"line":17,"column":27}},"2":{"start":{"line":24,"column":23},"end":{"line":26,"column":23}},"3":{"start":{"line":32,"column":22},"end":{"line":32,"column":40}}},"fnMap":{},"branchMap":{"0":{"loc":{"start":{"line":8,"column":24},"end":{"line":8,"column":48}},"type":"binary-expr","locations":[{"start":{"line":8,"column":24},"end":{"line":8,"column":40}},{"start":{"line":8,"column":44},"end":{"line":8,"column":48}}],"line":8},"1":{"loc":{"start":{"line":15,"column":27},"end":{"line":17,"column":27}},"type":"cond-expr","locations":[{"start":{"line":16,"column":4},"end":{"line":16,"column":32}},{"start":{"line":17,"column":4},"end":{"line":17,"column":27}}],"line":15},"2":{"loc":{"start":{"line":24,"column":23},"end":{"line":26,"column":23}},"type":"cond-expr","locations":[{"start":{"line":25,"column":4},"end":{"line":25,"column":28}},{"start":{"line":26,"column":4},"end":{"line":26,"column":23}}],"line":24}},"s":{"0":1,"1":1,"2":1,"3":1},"f":{},"b":{"0":[1,1],"1":[1,0],"2":[1,0]},"inputSourceMap":null,"_coverageSchema":"1a1c01bbd47fc00a2c39e90264f33305004495a9","hash":"be3a9489df21c22c513970ee9082f776b9e5ec3a"}
,"/Users/zrybeawhitfield/Desktop/workspace/notes-app/backend/util/db_util.js": {"path":"/Users/zrybeawhitfield/Desktop/workspace/notes-app/backend/util/db_util.js","statementMap":{"0":{"start":{"line":8,"column":0},"end":{"line":10,"column":2}},"1":{"start":{"line":9,"column":2},"end":{"line":9,"column":40}},"2":{"start":{"line":16,"column":0},"end":{"line":18,"column":2}},"3":{"start":{"line":17,"column":2},"end":{"line":17,"column":22}},"4":{"start":{"line":23,"column":0},"end":{"line":25,"column":2}},"5":{"start":{"line":24,"column":2},"end":{"line":24,"column":51}},"6":{"start":{"line":31,"column":22},"end":{"line":44,"column":1}},"7":{"start":{"line":32,"column":2},"end":{"line":32,"column":79}},"8":{"start":{"line":34,"column":2},"end":{"line":34,"column":36}},"9":{"start":{"line":35,"column":2},"end":{"line":43,"column":3}},"10":{"start":{"line":36,"column":4},"end":{"line":40,"column":6}},"11":{"start":{"line":42,"column":4},"end":{"line":42,"column":15}}},"fnMap":{"0":{"name":"(anonymous_0)","decl":{"start":{"line":8,"column":36},"end":{"line":8,"column":37}},"loc":{"start":{"line":8,"column":42},"end":{"line":10,"column":1}},"line":8},"1":{"name":"(anonymous_1)","decl":{"start":{"line":16,"column":32},"end":{"line":16,"column":33}},"loc":{"start":{"line":16,"column":39},"end":{"line":18,"column":1}},"line":16},"2":{"name":"(anonymous_2)","decl":{"start":{"line":23,"column":39},"end":{"line":23,"column":40}},"loc":{"start":{"line":23,"column":45},"end":{"line":25,"column":1}},"line":23},"3":{"name":"(anonymous_3)","decl":{"start":{"line":31,"column":22},"end":{"line":31,"column":23}},"loc":{"start":{"line":31,"column":28},"end":{"line":44,"column":1}},"line":31}},"branchMap":{},"s":{"0":1,"1":0,"2":1,"3":1,"4":1,"5":0,"6":1,"7":1,"8":1,"9":1,"10":1,"11":0},"f":{"0":0,"1":1,"2":0,"3":1},"b":{},"inputSourceMap":null,"_coverageSchema":"1a1c01bbd47fc00a2c39e90264f33305004495a9","hash":"cb06fed7665ec613f13d65b0ee264cc166e06119"}
,"/Users/zrybeawhitfield/Desktop/workspace/notes-app/backend/util/for_testing.js": {"path":"/Users/zrybeawhitfield/Desktop/workspace/notes-app/backend/util/for_testing.js","statementMap":{"0":{"start":{"line":6,"column":23},"end":{"line":6,"column":70}},"1":{"start":{"line":6,"column":35},"end":{"line":6,"column":70}},"2":{"start":{"line":13,"column":23},"end":{"line":17,"column":1}},"3":{"start":{"line":14,"column":18},"end":{"line":14,"column":43}},"4":{"start":{"line":14,"column":33},"end":{"line":14,"column":43}},"5":{"start":{"line":16,"column":2},"end":{"line":16,"column":48}}},"fnMap":{"0":{"name":"(anonymous_0)","decl":{"start":{"line":6,"column":23},"end":{"line":6,"column":24}},"loc":{"start":{"line":6,"column":35},"end":{"line":6,"column":70}},"line":6},"1":{"name":"(anonymous_1)","decl":{"start":{"line":13,"column":23},"end":{"line":13,"column":24}},"loc":{"start":{"line":13,"column":34},"end":{"line":17,"column":1}},"line":13},"2":{"name":"(anonymous_2)","decl":{"start":{"line":14,"column":18},"end":{"line":14,"column":19}},"loc":{"start":{"line":14,"column":33},"end":{"line":14,"column":43}},"line":14}},"branchMap":{},"s":{"0":1,"1":3,"2":1,"3":0,"4":0,"5":0},"f":{"0":3,"1":0,"2":0},"b":{},"inputSourceMap":null,"_coverageSchema":"1a1c01bbd47fc00a2c39e90264f33305004495a9","hash":"8fb0fa0fe303c7d3af0a083163efd40b390ab6d2"}
,"/Users/zrybeawhitfield/Desktop/workspace/notes-app/backend/util/logger.js": {"path":"/Users/zrybeawhitfield/Desktop/workspace/notes-app/backend/util/logger.js","statementMap":{"0":{"start":{"line":7,"column":23},"end":{"line":11,"column":1}},"1":{"start":{"line":8,"column":2},"end":{"line":10,"column":3}},"2":{"start":{"line":9,"column":4},"end":{"line":9,"column":39}},"3":{"start":{"line":17,"column":24},"end":{"line":19,"column":1}},"4":{"start":{"line":18,"column":2},"end":{"line":18,"column":37}}},"fnMap":{"0":{"name":"(anonymous_0)","decl":{"start":{"line":7,"column":23},"end":{"line":7,"column":24}},"loc":{"start":{"line":7,"column":38},"end":{"line":11,"column":1}},"line":7},"1":{"name":"(anonymous_1)","decl":{"start":{"line":17,"column":24},"end":{"line":17,"column":25}},"loc":{"start":{"line":17,"column":39},"end":{"line":19,"column":1}},"line":17}},"branchMap":{"0":{"loc":{"start":{"line":8,"column":2},"end":{"line":10,"column":3}},"type":"if","locations":[{"start":{"line":8,"column":2},"end":{"line":10,"column":3}},{"start":{},"end":{}}],"line":8}},"s":{"0":1,"1":4,"2":0,"3":1,"4":0},"f":{"0":4,"1":0},"b":{"0":[0,4]},"inputSourceMap":null,"_coverageSchema":"1a1c01bbd47fc00a2c39e90264f33305004495a9","hash":"c90d043b3fa1a0971ca19e900b12e781f66cf0a7"}
,"/Users/zrybeawhitfield/Desktop/workspace/notes-app/backend/util/middleware.js": {"path":"/Users/zrybeawhitfield/Desktop/workspace/notes-app/backend/util/middleware.js","statementMap":{"0":{"start":{"line":9,"column":29},"end":{"line":15,"column":1}},"1":{"start":{"line":10,"column":2},"end":{"line":10,"column":32}},"2":{"start":{"line":11,"column":2},"end":{"line":11,"column":30}},"3":{"start":{"line":12,"column":2},"end":{"line":12,"column":30}},"4":{"start":{"line":13,"column":2},"end":{"line":13,"column":16}},"5":{"start":{"line":14,"column":2},"end":{"line":14,"column":8}},"6":{"start":{"line":22,"column":38},"end":{"line":24,"column":1}},"7":{"start":{"line":23,"column":2},"end":{"line":23,"column":53}},"8":{"start":{"line":33,"column":28},"end":{"line":44,"column":1}},"9":{"start":{"line":34,"column":2},"end":{"line":42,"column":3}},"10":{"start":{"line":35,"column":4},"end":{"line":35,"column":61}},"11":{"start":{"line":36,"column":9},"end":{"line":42,"column":3}},"12":{"start":{"line":37,"column":4},"end":{"line":37,"column":55}},"13":{"start":{"line":38,"column":9},"end":{"line":42,"column":3}},"14":{"start":{"line":39,"column":4},"end":{"line":39,"column":59}},"15":{"start":{"line":40,"column":9},"end":{"line":42,"column":3}},"16":{"start":{"line":41,"column":4},"end":{"line":41,"column":59}},"17":{"start":{"line":43,"column":2},"end":{"line":43,"column":52}}},"fnMap":{"0":{"name":"(anonymous_0)","decl":{"start":{"line":9,"column":29},"end":{"line":9,"column":30}},"loc":{"start":{"line":9,"column":49},"end":{"line":15,"column":1}},"line":9},"1":{"name":"(anonymous_1)","decl":{"start":{"line":22,"column":38},"end":{"line":22,"column":39}},"loc":{"start":{"line":22,"column":52},"end":{"line":24,"column":1}},"line":22},"2":{"name":"(anonymous_2)","decl":{"start":{"line":33,"column":28},"end":{"line":33,"column":29}},"loc":{"start":{"line":33,"column":53},"end":{"line":44,"column":1}},"line":33}},"branchMap":{"0":{"loc":{"start":{"line":34,"column":2},"end":{"line":42,"column":3}},"type":"if","locations":[{"start":{"line":34,"column":2},"end":{"line":42,"column":3}},{"start":{"line":36,"column":9},"end":{"line":42,"column":3}}],"line":34},"1":{"loc":{"start":{"line":36,"column":9},"end":{"line":42,"column":3}},"type":"if","locations":[{"start":{"line":36,"column":9},"end":{"line":42,"column":3}},{"start":{"line":38,"column":9},"end":{"line":42,"column":3}}],"line":36},"2":{"loc":{"start":{"line":38,"column":9},"end":{"line":42,"column":3}},"type":"if","locations":[{"start":{"line":38,"column":9},"end":{"line":42,"column":3}},{"start":{"line":40,"column":9},"end":{"line":42,"column":3}}],"line":38},"3":{"loc":{"start":{"line":40,"column":9},"end":{"line":42,"column":3}},"type":"if","locations":[{"start":{"line":40,"column":9},"end":{"line":42,"column":3}},{"start":{},"end":{}}],"line":40},"4":{"loc":{"start":{"line":43,"column":13},"end":{"line":43,"column":30}},"type":"binary-expr","locations":[{"start":{"line":43,"column":13},"end":{"line":43,"column":23}},{"start":{"line":43,"column":27},"end":{"line":43,"column":30}}],"line":43}},"s":{"0":1,"1":0,"2":0,"3":0,"4":0,"5":0,"6":1,"7":0,"8":1,"9":0,"10":0,"11":0,"12":0,"13":0,"14":0,"15":0,"16":0,"17":0},"f":{"0":0,"1":0,"2":0},"b":{"0":[0,0],"1":[0,0],"2":[0,0],"3":[0,0],"4":[0,0]},"inputSourceMap":null,"_coverageSchema":"1a1c01bbd47fc00a2c39e90264f33305004495a9","hash":"9cc2e1bdd28cb46b57e592aaf4e5989dcb57989c"}
}
