TN:
SF:index.js
FNF:0
FNH:0
DA:18,1
DA:19,1
DA:20,1
DA:23,1
DA:24,1
DA:25,1
DA:26,1
DA:29,1
DA:30,1
DA:31,1
DA:34,1
DA:35,1
DA:38,1
DA:39,1
LF:14
LH:14
BRF:0
BRH:0
end_of_record
TN:
SF:controllers/LoginController.js
FN:16,(anonymous_0)
FNF:1
FNH:0
FNDA:0,(anonymous_0)
DA:16,1
DA:17,0
DA:19,0
DA:21,0
DA:25,0
DA:26,0
DA:31,0
DA:36,0
DA:42,0
LF:9
LH:1
BRDA:21,0,0,0
BRDA:21,0,1,0
BRDA:25,1,0,0
BRDA:25,1,1,0
BRDA:25,2,0,0
BRDA:25,2,1,0
BRF:6
BRH:0
end_of_record
TN:
SF:controllers/NoteController.js
FN:18,(anonymous_0)
FN:34,(anonymous_1)
FN:52,(anonymous_2)
FN:90,(anonymous_3)
FN:111,(anonymous_4)
FN:137,(anonymous_5)
FNF:6
FNH:0
FNDA:0,(anonymous_0)
FNDA:0,(anonymous_1)
FNDA:0,(anonymous_2)
FNDA:0,(anonymous_3)
FNDA:0,(anonymous_4)
FNDA:0,(anonymous_5)
DA:18,1
DA:19,0
DA:21,0
DA:22,0
DA:24,0
DA:34,1
DA:35,0
DA:39,0
DA:52,1
DA:53,0
DA:55,0
DA:56,0
DA:57,0
DA:60,0
DA:61,0
DA:62,0
DA:65,0
DA:67,0
DA:73,0
DA:75,0
DA:77,0
DA:79,0
DA:90,1
DA:91,0
DA:93,0
DA:94,0
DA:95,0
DA:97,0
DA:111,1
DA:112,0
DA:113,0
DA:115,0
DA:120,0
DA:126,0
DA:137,1
DA:138,0
DA:140,0
DA:141,0
LF:38
LH:6
BRDA:21,0,0,0
BRDA:21,0,1,0
BRDA:56,1,0,0
BRDA:56,1,1,0
BRDA:61,2,0,0
BRDA:61,2,1,0
BRDA:69,3,0,0
BRDA:69,3,1,0
BRDA:94,4,0,0
BRDA:94,4,1,0
BRF:10
BRH:0
end_of_record
TN:
SF:controllers/UserController.js
FN:13,(anonymous_0)
FN:28,(anonymous_1)
FN:52,(anonymous_2)
FN:77,(anonymous_3)
FN:102,(anonymous_4)
FNF:5
FNH:0
FNDA:0,(anonymous_0)
FNDA:0,(anonymous_1)
FNDA:0,(anonymous_2)
FNDA:0,(anonymous_3)
FNDA:0,(anonymous_4)
DA:13,1
DA:14,0
DA:15,0
DA:28,1
DA:29,0
DA:30,0
DA:32,0
DA:34,0
DA:40,0
DA:41,0
DA:52,1
DA:53,0
DA:55,0
DA:57,0
DA:58,0
DA:60,0
DA:77,1
DA:78,0
DA:79,0
DA:81,0
DA:82,0
DA:84,0
DA:90,0
DA:91,0
DA:102,1
DA:103,0
DA:105,0
DA:106,0
LF:28
LH:5
BRDA:57,0,0,0
BRDA:57,0,1,0
BRF:2
BRH:0
end_of_record
TN:
SF:models/Note.js
FN:25,(anonymous_0)
FNF:1
FNH:0
FNDA:0,(anonymous_0)
DA:6,1
DA:24,1
DA:26,0
DA:27,0
DA:28,0
DA:30,0
DA:31,0
DA:33,0
DA:34,0
DA:38,1
LF:10
LH:3
BRDA:27,0,0,0
BRDA:27,0,1,0
BRDA:30,1,0,0
BRDA:30,1,1,0
BRF:4
BRH:0
end_of_record
TN:
SF:models/User.js
FN:29,(anonymous_0)
FNF:1
FNH:0
FNDA:0,(anonymous_0)
DA:7,1
DA:28,1
DA:30,0
DA:31,0
DA:32,0
DA:33,0
DA:40,1
DA:42,1
LF:8
LH:4
BRF:0
BRH:0
end_of_record
TN:
SF:routes/LoginRouter.js
FNF:0
FNH:0
DA:10,1
DA:15,1
LF:2
LH:2
BRF:0
BRH:0
end_of_record
TN:
SF:routes/NoteRouter.js
FNF:0
FNH:0
DA:14,1
DA:19,1
DA:24,1
DA:29,1
DA:34,1
DA:39,1
LF:6
LH:6
BRF:0
BRH:0
end_of_record
TN:
SF:routes/UserRouter.js
FNF:0
FNH:0
DA:14,1
DA:19,1
DA:24,1
DA:29,1
DA:34,1
DA:39,1
LF:6
LH:6
BRF:0
BRH:0
end_of_record
TN:
SF:tests/helper.js
FN:14,(anonymous_0)
FN:22,(anonymous_1)
FN:24,(anonymous_2)
FNF:3
FNH:0
FNDA:0,(anonymous_0)
FNDA:0,(anonymous_1)
FNDA:0,(anonymous_2)
DA:3,1
DA:14,1
DA:15,0
DA:16,0
DA:17,0
DA:19,0
DA:22,1
DA:23,0
DA:24,0
DA:26,0
LF:10
LH:3
BRF:0
BRH:0
end_of_record
TN:
SF:util/config.js
FNF:0
FNH:0
DA:8,1
DA:15,1
DA:24,1
DA:32,1
LF:4
LH:4
BRDA:8,0,0,1
BRDA:8,0,1,1
BRDA:15,1,0,1
BRDA:15,1,1,0
BRDA:24,2,0,1
BRDA:24,2,1,0
BRF:6
BRH:4
end_of_record
TN:
SF:util/db_util.js
FN:8,(anonymous_0)
FN:16,(anonymous_1)
FN:23,(anonymous_2)
FN:31,(anonymous_3)
FNF:4
FNH:2
FNDA:0,(anonymous_0)
FNDA:1,(anonymous_1)
FNDA:0,(anonymous_2)
FNDA:1,(anonymous_3)
DA:8,1
DA:9,0
DA:16,1
DA:17,1
DA:23,1
DA:24,0
DA:31,1
DA:32,1
DA:34,1
DA:35,1
DA:36,1
DA:42,0
LF:12
LH:9
BRF:0
BRH:0
end_of_record
TN:
SF:util/for_testing.js
FN:6,(anonymous_0)
FN:13,(anonymous_1)
FN:14,(anonymous_2)
FNF:3
FNH:1
FNDA:3,(anonymous_0)
FNDA:0,(anonymous_1)
FNDA:0,(anonymous_2)
DA:6,3
DA:13,1
DA:14,0
DA:16,0
LF:4
LH:2
BRF:0
BRH:0
end_of_record
TN:
SF:util/logger.js
FN:7,(anonymous_0)
FN:17,(anonymous_1)
FNF:2
FNH:1
FNDA:4,(anonymous_0)
FNDA:0,(anonymous_1)
DA:7,1
DA:8,4
DA:9,0
DA:17,1
DA:18,0
LF:5
LH:3
BRDA:8,0,0,0
BRDA:8,0,1,4
BRF:2
BRH:1
end_of_record
TN:
SF:util/middleware.js
FN:9,(anonymous_0)
FN:22,(anonymous_1)
FN:33,(anonymous_2)
FNF:3
FNH:0
FNDA:0,(anonymous_0)
FNDA:0,(anonymous_1)
FNDA:0,(anonymous_2)
DA:9,1
DA:10,0
DA:11,0
DA:12,0
DA:13,0
DA:14,0
DA:22,1
DA:23,0
DA:33,1
DA:34,0
DA:35,0
DA:36,0
DA:37,0
DA:38,0
DA:39,0
DA:40,0
DA:41,0
DA:43,0
LF:18
LH:3
BRDA:34,0,0,0
BRDA:34,0,1,0
BRDA:36,1,0,0
BRDA:36,1,1,0
BRDA:38,2,0,0
BRDA:38,2,1,0
BRDA:40,3,0,0
BRDA:40,3,1,0
BRDA:43,4,0,0
BRDA:43,4,1,0
BRF:10
BRH:0
end_of_record
