TN:
SF:index.js
FNF:0
FNH:0
DA:17,1
DA:18,1
DA:20,1
DA:21,1
DA:22,1
DA:24,1
DA:26,1
DA:27,1
DA:28,1
DA:31,1
DA:33,1
DA:35,1
DA:36,1
LF:13
LH:13
BRF:0
BRH:0
end_of_record
TN:
SF:controllers/LoginController.js
FN:8,(anonymous_0)
FNF:1
FNH:1
FNDA:2,(anonymous_0)
DA:8,1
DA:9,2
DA:11,2
DA:13,2
DA:17,2
DA:18,1
DA:23,1
DA:28,1
DA:34,1
LF:9
LH:9
BRDA:13,0,0,0
BRDA:13,0,1,2
BRDA:17,1,0,1
BRDA:17,1,1,1
BRDA:17,2,0,2
BRDA:17,2,1,2
BRF:6
BRH:5
end_of_record
TN:
SF:controllers/NoteController.js
FN:11,(anonymous_0)
FN:21,(anonymous_1)
FN:30,(anonymous_2)
FN:61,(anonymous_3)
FN:73,(anonymous_4)
FN:91,(anonymous_5)
FNF:6
FNH:5
FNDA:4,(anonymous_0)
FNDA:4,(anonymous_1)
FNDA:4,(anonymous_2)
FNDA:3,(anonymous_3)
FNDA:0,(anonymous_4)
FNDA:1,(anonymous_5)
DA:11,1
DA:12,4
DA:14,4
DA:15,4
DA:17,0
DA:21,1
DA:22,4
DA:26,4
DA:30,1
DA:31,4
DA:33,4
DA:34,4
DA:35,0
DA:38,4
DA:39,4
DA:40,0
DA:43,4
DA:45,4
DA:51,4
DA:53,3
DA:55,3
DA:57,3
DA:61,1
DA:62,3
DA:64,3
DA:65,2
DA:66,1
DA:68,1
DA:73,1
DA:74,0
DA:75,0
DA:77,0
DA:82,0
DA:87,0
DA:91,1
DA:92,1
DA:94,1
DA:95,1
LF:38
LH:30
BRDA:14,0,0,4
BRDA:14,0,1,0
BRDA:34,1,0,0
BRDA:34,1,1,4
BRDA:39,2,0,0
BRDA:39,2,1,4
BRDA:47,3,0,4
BRDA:47,3,1,1
BRDA:65,4,0,1
BRDA:65,4,1,1
BRF:10
BRH:7
end_of_record
TN:
SF:controllers/UserController.js
FN:7,(anonymous_0)
FN:13,(anonymous_1)
FN:30,(anonymous_2)
FN:45,(anonymous_3)
FN:63,(anonymous_4)
FNF:5
FNH:2
FNDA:1,(anonymous_0)
FNDA:1,(anonymous_1)
FNDA:0,(anonymous_2)
FNDA:0,(anonymous_3)
FNDA:0,(anonymous_4)
DA:7,1
DA:8,1
DA:9,1
DA:13,1
DA:14,1
DA:15,1
DA:17,1
DA:19,1
DA:25,1
DA:26,1
DA:30,1
DA:31,0
DA:33,0
DA:35,0
DA:36,0
DA:38,0
DA:45,1
DA:46,0
DA:47,0
DA:49,0
DA:50,0
DA:52,0
DA:58,0
DA:59,0
DA:63,1
DA:64,0
DA:66,0
DA:67,0
LF:28
LH:13
BRDA:35,0,0,0
BRDA:35,0,1,0
BRF:2
BRH:0
end_of_record
TN:
SF:models/Note.js
FN:20,(anonymous_0)
FNF:1
FNH:1
FNDA:24,(anonymous_0)
DA:3,1
DA:19,1
DA:21,24
DA:22,24
DA:23,24
DA:25,24
DA:26,24
DA:28,24
DA:29,24
DA:33,1
LF:10
LH:10
BRDA:22,0,0,24
BRDA:22,0,1,0
BRDA:25,1,0,24
BRDA:25,1,1,0
BRF:4
BRH:2
end_of_record
TN:
SF:models/User.js
FN:23,(anonymous_0)
FNF:1
FNH:1
FNDA:23,(anonymous_0)
DA:4,1
DA:22,1
DA:24,23
DA:25,23
DA:26,23
DA:27,23
DA:31,1
DA:33,1
LF:8
LH:8
BRF:0
BRH:0
end_of_record
TN:
SF:routes/LoginRouter.js
FNF:0
FNH:0
DA:6,1
DA:12,1
LF:2
LH:2
BRF:0
BRH:0
end_of_record
TN:
SF:routes/NoteRouter.js
FNF:0
FNH:0
DA:10,1
DA:15,1
DA:21,1
DA:27,1
DA:34,1
DA:40,1
LF:6
LH:6
BRF:0
BRH:0
end_of_record
TN:
SF:routes/UserRouter.js
FNF:0
FNH:0
DA:10,1
DA:15,1
DA:21,1
DA:27,1
DA:34,1
DA:40,1
LF:6
LH:6
BRF:0
BRH:0
end_of_record
TN:
SF:tests/helper.js
FN:14,(anonymous_0)
FN:22,(anonymous_1)
FN:24,(anonymous_2)
FNF:3
FNH:3
FNDA:1,(anonymous_0)
FNDA:5,(anonymous_1)
FNDA:13,(anonymous_2)
DA:3,1
DA:14,1
DA:15,1
DA:16,1
DA:17,1
DA:19,1
DA:22,1
DA:23,5
DA:24,13
DA:26,5
LF:10
LH:10
BRF:0
BRH:0
end_of_record
TN:
SF:util/config.js
FNF:0
FNH:0
DA:3,1
DA:5,1
DA:9,1
DA:13,1
LF:4
LH:4
BRDA:3,0,0,1
BRDA:3,0,1,0
BRDA:5,1,0,1
BRDA:5,1,1,0
BRDA:9,2,0,1
BRDA:9,2,1,0
BRF:6
BRH:3
end_of_record
TN:
SF:util/db_util.js
FN:5,(anonymous_0)
FN:9,(anonymous_1)
FN:13,(anonymous_2)
FN:17,(anonymous_3)
FNF:4
FNH:3
FNDA:1,(anonymous_0)
FNDA:0,(anonymous_1)
FNDA:1,(anonymous_2)
FNDA:1,(anonymous_3)
DA:5,1
DA:6,1
DA:9,1
DA:10,0
DA:13,1
DA:14,1
DA:17,1
DA:18,1
DA:20,1
DA:21,1
DA:22,1
DA:28,0
LF:12
LH:10
BRF:0
BRH:0
end_of_record
TN:
SF:util/for_testing.js
FN:1,(anonymous_0)
FN:3,(anonymous_1)
FN:4,(anonymous_2)
FNF:3
FNH:1
FNDA:3,(anonymous_0)
FNDA:0,(anonymous_1)
FNDA:0,(anonymous_2)
DA:1,3
DA:3,1
DA:4,0
DA:6,0
LF:4
LH:2
BRF:0
BRH:0
end_of_record
TN:
SF:util/logger.js
FN:3,(anonymous_0)
FN:9,(anonymous_1)
FNF:2
FNH:1
FNDA:73,(anonymous_0)
FNDA:0,(anonymous_1)
DA:3,1
DA:4,73
DA:5,0
DA:9,1
DA:10,0
LF:5
LH:3
BRDA:4,0,0,0
BRDA:4,0,1,73
BRF:2
BRH:1
end_of_record
TN:
SF:util/middleware.js
FN:4,(anonymous_0)
FN:13,(anonymous_1)
FN:18,(anonymous_2)
FNF:3
FNH:2
FNDA:16,(anonymous_0)
FNDA:0,(anonymous_1)
FNDA:2,(anonymous_2)
DA:4,1
DA:5,16
DA:6,16
DA:7,16
DA:8,16
DA:9,16
DA:13,1
DA:14,0
DA:18,1
DA:19,2
DA:20,1
DA:21,1
DA:22,1
DA:23,0
DA:24,0
DA:27,0
DA:28,0
DA:32,0
LF:18
LH:12
BRDA:19,0,0,1
BRDA:19,0,1,1
BRDA:21,1,0,1
BRDA:21,1,1,0
BRDA:23,2,0,0
BRDA:23,2,1,0
BRDA:27,3,0,0
BRDA:27,3,1,0
BRDA:32,4,0,0
BRDA:32,4,1,0
BRF:10
BRH:3
end_of_record
